This is pdfTeX, Version 3.14159265-2.6-1.40.18 (MiKTeX 2.9.6350) (preloaded format=pdflatex 2017.10.12)  11 NOV 2017 17:31
entering extended mode
**./main_netplanner.tex
(main_netplanner.tex
LaTeX2e <2017-04-15>
Babel <3.10> and hyphenation patterns for 75 language(s) loaded.
(style/phdthesis.cls

LaTeX Warning: You have requested document class `./style/phdthesis',
               but the document class provides `phdthesis'.

Document Class: phdthesis 2001/07/18 PhD Dissertation Style
("C:\Program Files\MiKTeX 2.9\tex\latex\base\book.cls"
Document Class: book 2014/09/29 v1.4h Standard LaTeX document class
("C:\Program Files\MiKTeX 2.9\tex\latex\base\bk11.clo"
File: bk11.clo 2014/09/29 v1.4h Standard LaTeX file (size option)
)
\c@part=\count79
\c@chapter=\count80
\c@section=\count81
\c@subsection=\count82
\c@subsubsection=\count83
\c@paragraph=\count84
\c@subparagraph=\count85
\c@figure=\count86
\c@table=\count87
\abovecaptionskip=\skip41
\belowcaptionskip=\skip42
\bibindent=\dimen102
)
("C:\Program Files\MiKTeX 2.9\tex\latex\graphics\epsfig.sty"
Package: epsfig 1999/02/16 v1.7a (e)psfig emulation (SPQR)

("C:\Program Files\MiKTeX 2.9\tex\latex\graphics\graphicx.sty"
Package: graphicx 2014/10/28 v1.0g Enhanced LaTeX Graphics (DPC,SPQR)

("C:\Program Files\MiKTeX 2.9\tex\latex\graphics\keyval.sty"
Package: keyval 2014/10/28 v1.15 key=value parser (DPC)
\KV@toks@=\toks14
)
("C:\Program Files\MiKTeX 2.9\tex\latex\graphics\graphics.sty"
Package: graphics 2017/04/14 v1.1b Standard LaTeX Graphics (DPC,SPQR)

("C:\Program Files\MiKTeX 2.9\tex\latex\graphics\trig.sty"
Package: trig 2016/01/03 v1.10 sin cos tan (DPC)
)
("C:\Program Files\MiKTeX 2.9\tex\latex\graphics-cfg\graphics.cfg"
File: graphics.cfg 2016/06/04 v1.11 sample graphics configuration
)
Package graphics Info: Driver file: pdftex.def on input line 99.

("C:\Program Files\MiKTeX 2.9\tex\latex\graphics-def\pdftex.def"
File: pdftex.def 2017/01/12 v0.06k Graphics/color for pdfTeX

("C:\Program Files\MiKTeX 2.9\tex\generic\oberdiek\infwarerr.sty"
Package: infwarerr 2016/05/16 v1.4 Providing info/warning/error messages (HO)
)
("C:\Program Files\MiKTeX 2.9\tex\generic\oberdiek\ltxcmds.sty"
Package: ltxcmds 2016/05/16 v1.23 LaTeX kernel commands for general use (HO)
)
\Gread@gobject=\count88
))
\Gin@req@height=\dimen103
\Gin@req@width=\dimen104
)
\epsfxsize=\dimen105
\epsfysize=\dimen106
)
\@spacebeforechapterhead=\skip43
\@spaceinchapterhead=\skip44
\@spaceafterchapterhead=\skip45
)
\@input{./style/my_packages.aux}
\openout2 = `./style/my_packages.aux'.

(style/my_packages.tex
("C:\Program Files\MiKTeX 2.9\tex\latex\amsmath\amsmath.sty"
Package: amsmath 2016/11/05 v2.16a AMS math features
\@mathmargin=\skip46

For additional information on amsmath, use the `?' option.
("C:\Program Files\MiKTeX 2.9\tex\latex\amsmath\amstext.sty"
Package: amstext 2000/06/29 v2.01 AMS text

("C:\Program Files\MiKTeX 2.9\tex\latex\amsmath\amsgen.sty"
File: amsgen.sty 1999/11/30 v2.0 generic functions
\@emptytoks=\toks15
\ex@=\dimen107
))
("C:\Program Files\MiKTeX 2.9\tex\latex\amsmath\amsbsy.sty"
Package: amsbsy 1999/11/29 v1.2d Bold Symbols
\pmbraise@=\dimen108
)
("C:\Program Files\MiKTeX 2.9\tex\latex\amsmath\amsopn.sty"
Package: amsopn 2016/03/08 v2.02 operator names
)
\inf@bad=\count89
LaTeX Info: Redefining \frac on input line 213.
\uproot@=\count90
\leftroot@=\count91
LaTeX Info: Redefining \overline on input line 375.
\classnum@=\count92
\DOTSCASE@=\count93
LaTeX Info: Redefining \ldots on input line 472.
LaTeX Info: Redefining \dots on input line 475.
LaTeX Info: Redefining \cdots on input line 596.
\Mathstrutbox@=\box26
\strutbox@=\box27
\big@size=\dimen109
LaTeX Font Info:    Redeclaring font encoding OML on input line 712.
LaTeX Font Info:    Redeclaring font encoding OMS on input line 713.
\macc@depth=\count94
\c@MaxMatrixCols=\count95
\dotsspace@=\muskip10
\c@parentequation=\count96
\dspbrk@lvl=\count97
\tag@help=\toks16
\row@=\count98
\column@=\count99
\maxfields@=\count100
\andhelp@=\toks17
\eqnshift@=\dimen110
\alignsep@=\dimen111
\tagshift@=\dimen112
\tagwidth@=\dimen113
\totwidth@=\dimen114
\lineht@=\dimen115
\@envbody=\toks18
\multlinegap=\skip47
\multlinetaggap=\skip48
\mathdisplay@stack=\toks19
LaTeX Info: Redefining \[ on input line 2817.
LaTeX Info: Redefining \] on input line 2818.
)
("C:\Program Files\MiKTeX 2.9\tex\latex\base\inputenc.sty"
Package: inputenc 2015/03/17 v1.2c Input encoding file
\inpenc@prehook=\toks20
\inpenc@posthook=\toks21

("C:\Program Files\MiKTeX 2.9\tex\latex\base\ansinew.def"
File: ansinew.def 2015/03/17 v1.2c Input encoding file
))
("C:\Program Files\MiKTeX 2.9\tex\generic\babel\babel.sty"
Package: babel 2017/05/19 3.10 The Babel package

*************************************
* Local config file bblopts.cfg used
*
("C:\Program Files\MiKTeX 2.9\tex\latex\arabi\bblopts.cfg"
File: bblopts.cfg 2005/09/08 v0.1 add Arabic and Farsi to "declared" options of
 babel
)
("C:\Program Files\MiKTeX 2.9\tex\latex\babel-portuges\portuges.ldf"
Language: portuges 2008/03/18 v1.2q Portuguese support from the babel system

("C:\Program Files\MiKTeX 2.9\tex\generic\babel\babel.def"
File: babel.def 2017/05/19 3.10 Babel common definitions
\babel@savecnt=\count101
\U@D=\dimen116
)
Package babel Info: Making " an active character on input line 145.
))
("C:\Program Files\MiKTeX 2.9\tex\latex\acronym\acronym.sty"
Package: acronym 2015/03/21 v1.41 Support for acronyms (Tobias Oetiker)

("C:\Program Files\MiKTeX 2.9\tex\latex\bigfoot\suffix.sty"
Package: suffix 2006/07/15 1.5a Variant command support
)
("C:\Program Files\MiKTeX 2.9\tex\latex\xstring\xstring.sty"
("C:\Program Files\MiKTeX 2.9\tex\generic\xstring\xstring.tex"
\@xs@message=\write3
\integerpart=\count102
\decimalpart=\count103
)
Package: xstring 2013/10/13  v1.7c  String manipulations (C Tellechea)
)
\AC@clearlist=\toks22
)
("C:\Program Files\MiKTeX 2.9\tex\latex\a4wide\a4wide.sty"
Package: a4wide 1994/08/30

("C:\Program Files\MiKTeX 2.9\tex\latex\ntgclass\a4.sty"
Package: a4 2004/04/15 v1.2g A4 based page layout
))
("C:\Program Files\MiKTeX 2.9\tex\latex\psnfss\palatino.sty"
Package: palatino 2005/04/12 PSNFSS-v9.2a (SPQR) 
)
("C:\Program Files\MiKTeX 2.9\tex\latex\fancyhdr\fancyhdr.sty"
Package: fancyhdr 2017/06/30 v3.9a Extensive control of page headers and footer
s
\f@nch@headwidth=\skip49
\f@nch@O@elh=\skip50
\f@nch@O@erh=\skip51
\f@nch@O@olh=\skip52
\f@nch@O@orh=\skip53
\f@nch@O@elf=\skip54
\f@nch@O@erf=\skip55
\f@nch@O@olf=\skip56
\f@nch@O@orf=\skip57
)
("C:\Program Files\MiKTeX 2.9\tex\latex\fancybox\fancybox.sty"
Package: fancybox 2010/05/15 1.4

Style option: `fancybox' v1.4 <2010/05/15> (tvz)
\@fancybox=\box28
\shadowsize=\dimen117
\@Sbox=\box29
\do@VerbBox=\toks23
\the@fancyput=\toks24
\this@fancyput=\toks25
\EndVerbatimTokens=\toks26
\Verbatim@Outfile=\write4
\Verbatim@Infile=\read1
) ("C:\Program Files\MiKTeX 2.9\tex\latex\amsfonts\amssymb.sty"
Package: amssymb 2013/01/14 v3.01 AMS font symbols

("C:\Program Files\MiKTeX 2.9\tex\latex\amsfonts\amsfonts.sty"
Package: amsfonts 2013/01/14 v3.01 Basic AMSFonts support
\symAMSa=\mathgroup4
\symAMSb=\mathgroup5
LaTeX Font Info:    Overwriting math alphabet `\mathfrak' in version `bold'
(Font)                  U/euf/m/n --> U/euf/b/n on input line 106.
))
("C:\Program Files\MiKTeX 2.9\tex\latex\cite\cite.sty"
LaTeX Info: Redefining \cite on input line 302.
LaTeX Info: Redefining \nocite on input line 332.
Package: cite 2015/02/27  v 5.5
)
("C:\Program Files\MiKTeX 2.9\tex\latex\subfigure\subfigure.sty"
Package: subfigure 2002/07/30 v2.1.4 subfigure package
\subfigtopskip=\skip58
\subfigcapskip=\skip59
\subfigcaptopadj=\dimen118
\subfigbottomskip=\skip60
\subfigcapmargin=\dimen119
\subfiglabelskip=\skip61
\c@subfigure=\count104
\c@lofdepth=\count105
\c@subtable=\count106
\c@lotdepth=\count107

****************************************
* Local config file subfigure.cfg used *
****************************************
("C:\Program Files\MiKTeX 2.9\tex\latex\subfigure\subfigure.cfg")
\subfig@top=\skip62
\subfig@bottom=\skip63
)
("C:\Program Files\MiKTeX 2.9\tex\latex\float\float.sty"
Package: float 2001/11/08 v1.3d Float enhancements (AL)
\c@float@type=\count108
\float@exts=\toks27
\float@box=\box30
\@float@everytoks=\toks28
\@floatcapt=\box31
)
("C:\Program Files\MiKTeX 2.9\tex\latex\ltxmisc\here.sty")
("C:\Program Files\MiKTeX 2.9\tex\latex\base\fontenc.sty"
Package: fontenc 2017/04/05 v2.0i Standard LaTeX package

("C:\Program Files\MiKTeX 2.9\tex\latex\base\t1enc.def"
File: t1enc.def 2017/04/05 v2.0i Standard LaTeX file
LaTeX Font Info:    Redeclaring font encoding T1 on input line 48.
))
("C:\Program Files\MiKTeX 2.9\tex\latex\graphics\rotating.sty"
Package: rotating 2016/08/11 v2.16d rotated objects in LaTeX

("C:\Program Files\MiKTeX 2.9\tex\latex\base\ifthen.sty"
Package: ifthen 2014/09/29 v1.1c Standard LaTeX ifthen package (DPC)
)
\c@r@tfl@t=\count109
\rotFPtop=\skip64
\rotFPbot=\skip65
\rot@float@box=\box32
\rot@mess@toks=\toks29
)
("C:\Program Files\MiKTeX 2.9\tex\latex\multirow\multirow.sty"
Package: multirow 2016/11/25 v2.2 Span multiple rows of a table
\multirow@colwidth=\skip66
\multirow@cntb=\count110
\multirow@dima=\skip67
\bigstrutjot=\dimen120
)
("C:\Program Files\MiKTeX 2.9\tex\latex\epigraph\epigraph.sty"
Package: epigraph 2009/09/02 v1.5c typesetting epigraphs
\beforeepigraphskip=\skip68
\afterepigraphskip=\skip69
\epigraphwidth=\skip70
\epigraphrule=\skip71
)
("C:\Program Files\MiKTeX 2.9\tex\latex\hyperref\hyperref.sty"
Package: hyperref 2017/03/14 v6.85a Hypertext links for LaTeX

("C:\Program Files\MiKTeX 2.9\tex\generic\oberdiek\hobsub-hyperref.sty"
Package: hobsub-hyperref 2016/05/16 v1.14 Bundle oberdiek, subset hyperref (HO)


("C:\Program Files\MiKTeX 2.9\tex\generic\oberdiek\hobsub-generic.sty"
Package: hobsub-generic 2016/05/16 v1.14 Bundle oberdiek, subset generic (HO)
Package: hobsub 2016/05/16 v1.14 Construct package bundles (HO)
Package hobsub Info: Skipping package `infwarerr' (already loaded).
Package hobsub Info: Skipping package `ltxcmds' (already loaded).
Package: ifluatex 2016/05/16 v1.4 Provides the ifluatex switch (HO)
Package ifluatex Info: LuaTeX not detected.
Package: ifvtex 2016/05/16 v1.6 Detect VTeX and its facilities (HO)
Package ifvtex Info: VTeX not detected.
Package: intcalc 2016/05/16 v1.2 Expandable calculations with integers (HO)
Package: ifpdf 2017/03/15 v3.2 Provides the ifpdf switch
Package: etexcmds 2016/05/16 v1.6 Avoid name clashes with e-TeX commands (HO)
Package etexcmds Info: Could not find \expanded.
(etexcmds)             That can mean that you are not using pdfTeX 1.50 or
(etexcmds)             that some package has redefined \expanded.
(etexcmds)             In the latter case, load this package earlier.
Package: kvsetkeys 2016/05/16 v1.17 Key value parser (HO)
Package: kvdefinekeys 2016/05/16 v1.4 Define keys (HO)
Package: pdftexcmds 2017/03/19 v0.25 Utility functions of pdfTeX for LuaTeX (HO
)
Package pdftexcmds Info: LuaTeX not detected.
Package pdftexcmds Info: \pdf@primitive is available.
Package pdftexcmds Info: \pdf@ifprimitive is available.
Package pdftexcmds Info: \pdfdraftmode found.
Package: pdfescape 2016/05/16 v1.14 Implements pdfTeX's escape features (HO)
Package: bigintcalc 2016/05/16 v1.4 Expandable calculations on big integers (HO
)
Package: bitset 2016/05/16 v1.2 Handle bit-vector datatype (HO)
Package: uniquecounter 2016/05/16 v1.3 Provide unlimited unique counter (HO)
)
Package hobsub Info: Skipping package `hobsub' (already loaded).
Package: letltxmacro 2016/05/16 v1.5 Let assignment for LaTeX macros (HO)
Package: hopatch 2016/05/16 v1.3 Wrapper for package hooks (HO)
Package: xcolor-patch 2016/05/16 xcolor patch
Package: atveryend 2016/05/16 v1.9 Hooks at the very end of document (HO)
Package atveryend Info: \enddocument detected (standard20110627).
Package: atbegshi 2016/06/09 v1.18 At begin shipout hook (HO)
Package: refcount 2016/05/16 v3.5 Data extraction from label references (HO)
Package: hycolor 2016/05/16 v1.8 Color options for hyperref/bookmark (HO)
)
("C:\Program Files\MiKTeX 2.9\tex\generic\ifxetex\ifxetex.sty"
Package: ifxetex 2010/09/12 v0.6 Provides ifxetex conditional
)
("C:\Program Files\MiKTeX 2.9\tex\latex\oberdiek\auxhook.sty"
Package: auxhook 2016/05/16 v1.4 Hooks for auxiliary files (HO)
)
("C:\Program Files\MiKTeX 2.9\tex\latex\oberdiek\kvoptions.sty"
Package: kvoptions 2016/05/16 v3.12 Key value format for package options (HO)
)
\@linkdim=\dimen121
\Hy@linkcounter=\count111
\Hy@pagecounter=\count112

("C:\Program Files\MiKTeX 2.9\tex\latex\hyperref\pd1enc.def"
File: pd1enc.def 2017/03/14 v6.85a Hyperref: PDFDocEncoding definition (HO)
)
\Hy@SavedSpaceFactor=\count113

("C:\Program Files\MiKTeX 2.9\tex\latex\00miktex\hyperref.cfg"
File: hyperref.cfg 2002/06/06 v1.2 hyperref configuration of TeXLive
)
Package hyperref Info: Hyper figures OFF on input line 4498.
Package hyperref Info: Link nesting OFF on input line 4503.
Package hyperref Info: Hyper index ON on input line 4506.
Package hyperref Info: Plain pages OFF on input line 4513.
Package hyperref Info: Backreferencing OFF on input line 4518.
Package hyperref Info: Implicit mode ON; LaTeX internals redefined.
Package hyperref Info: Bookmarks ON on input line 4751.
\c@Hy@tempcnt=\count114

("C:\Program Files\MiKTeX 2.9\tex\latex\url\url.sty"
\Urlmuskip=\muskip11
Package: url 2013/09/16  ver 3.4  Verb mode for urls, etc.
)
LaTeX Info: Redefining \url on input line 5104.
\XeTeXLinkMargin=\dimen122
\Fld@menulength=\count115
\Field@Width=\dimen123
\Fld@charsize=\dimen124
Package hyperref Info: Hyper figures OFF on input line 6358.
Package hyperref Info: Link nesting OFF on input line 6363.
Package hyperref Info: Hyper index ON on input line 6366.
Package hyperref Info: backreferencing OFF on input line 6373.
Package hyperref Info: Link coloring OFF on input line 6378.
Package hyperref Info: Link coloring with OCG OFF on input line 6383.
Package hyperref Info: PDF/A mode OFF on input line 6388.
LaTeX Info: Redefining \ref on input line 6428.
LaTeX Info: Redefining \pageref on input line 6432.
\Hy@abspage=\count116
\c@Item=\count117
\c@Hfootnote=\count118
)

Package hyperref Message: Driver (autodetected): hpdftex.

("C:\Program Files\MiKTeX 2.9\tex\latex\hyperref\hpdftex.def"
File: hpdftex.def 2017/03/14 v6.85a Hyperref driver for pdfTeX
\Fld@listcount=\count119
\c@bookmark@seq@number=\count120

("C:\Program Files\MiKTeX 2.9\tex\latex\oberdiek\rerunfilecheck.sty"
Package: rerunfilecheck 2016/05/16 v1.8 Rerun checks for auxiliary files (HO)
Package uniquecounter Info: New unique counter `rerunfilecheck' on input line 2
82.
)
\Hy@SectionHShift=\skip72
)
Package hyperref Info: Option `colorlinks' set `true' on input line 25.

("C:\Program Files\MiKTeX 2.9\tex\latex\tools\enumerate.sty"
Package: enumerate 2015/07/23 v3.00 enumerate extensions (DPC)
\@enLab=\toks30
)
("C:\Program Files\MiKTeX 2.9\tex\latex\booktabs\booktabs.sty"
Package: booktabs 2005/04/14 v1.61803 publication quality tables
\heavyrulewidth=\dimen125
\lightrulewidth=\dimen126
\cmidrulewidth=\dimen127
\belowrulesep=\dimen128
\belowbottomsep=\dimen129
\aboverulesep=\dimen130
\abovetopsep=\dimen131
\cmidrulesep=\dimen132
\cmidrulekern=\dimen133
\defaultaddspace=\dimen134
\@cmidla=\count121
\@cmidlb=\count122
\@aboverulesep=\dimen135
\@belowrulesep=\dimen136
\@thisruleclass=\count123
\@lastruleclass=\count124
\@thisrulewidth=\dimen137
)
("C:\Program Files\MiKTeX 2.9\tex\latex\eurosym\eurosym.sty"
Package: eurosym 1998/08/06 v1.1 European currency symbol ``Euro''
\@eurobox=\box33
)
("C:\Program Files\MiKTeX 2.9\tex\latex\base\makeidx.sty"
Package: makeidx 2014/09/29 v1.0m Standard LaTeX package
)
("C:\Program Files\MiKTeX 2.9\tex\latex\datatool\datatool.sty"
Package: datatool 2016/07/28 v2.27 (NLCT)

("C:\Program Files\MiKTeX 2.9\tex\latex\xkeyval\xkeyval.sty"
Package: xkeyval 2014/12/03 v2.7a package option processing (HA)

("C:\Program Files\MiKTeX 2.9\tex\generic\xkeyval\xkeyval.tex"
("C:\Program Files\MiKTeX 2.9\tex\generic\xkeyval\xkvutils.tex"
\XKV@toks=\toks31
\XKV@tempa@toks=\toks32
)
\XKV@depth=\count125
File: xkeyval.tex 2014/12/03 v2.7a key=value parser (HA)
))
("C:\Program Files\MiKTeX 2.9\tex\latex\xfor\xfor.sty"
Package: xfor 2009/02/05 v1.05 (NLCT)
)
("C:\Program Files\MiKTeX 2.9\tex\latex\substr\substr.sty"
Package: substr 2009/10/20 v1.2 Handle substrings
\c@su@anzahl=\count126
)
("C:\Program Files\MiKTeX 2.9\tex\latex\etoolbox\etoolbox.sty"
Package: etoolbox 2017/01/02 v2.4 e-TeX tools for LaTeX (JAW)
\etb@tempcnta=\count127
)
("C:\Program Files\MiKTeX 2.9\tex\latex\datatool\datatool-base.sty"
Package: datatool-base 2016/07/28 v2.27 (NLCT)

("C:\Program Files\MiKTeX 2.9\tex\latex\datatool\datatool-fp.sty"
Package: datatool-fp 2016/07/28 v2.27 (NLCT)

("C:\Program Files\MiKTeX 2.9\tex\latex\fp\fp.sty"
Package: fp 1995/04/02

`Fixed Point Package', Version 0.8, April 2, 1995 (C) Michael Mehlich
("C:\Program Files\MiKTeX 2.9\tex\latex\fp\defpattern.sty"
Package: defpattern 1994/10/12
\actioncount=\count128
)
("C:\Program Files\MiKTeX 2.9\tex\latex\fp\fp-basic.sty"
Package: fp-basic 1996/05/13
\FP@xs=\count129
\FP@xia=\count130
\FP@xib=\count131
\FP@xfa=\count132
\FP@xfb=\count133
\FP@rega=\count134
\FP@regb=\count135
\FP@regs=\count136
\FP@times=\count137
)
("C:\Program Files\MiKTeX 2.9\tex\latex\fp\fp-addons.sty"
Package: fp-addons 1995/03/15
)
("C:\Program Files\MiKTeX 2.9\tex\latex\fp\fp-snap.sty"
Package: fp-snap 1995/04/05
)
("C:\Program Files\MiKTeX 2.9\tex\latex\fp\fp-exp.sty"
Package: fp-exp 1995/04/03
)
("C:\Program Files\MiKTeX 2.9\tex\latex\fp\fp-trigo.sty"
Package: fp-trigo 1995/04/14
)
("C:\Program Files\MiKTeX 2.9\tex\latex\fp\fp-pas.sty"
Package: fp-pas 1994/08/29
)
("C:\Program Files\MiKTeX 2.9\tex\latex\fp\fp-random.sty"
Package: fp-random 1995/02/23
\FPseed=\count138
)
("C:\Program Files\MiKTeX 2.9\tex\latex\fp\fp-eqn.sty"
Package: fp-eqn 1995/04/03
)
("C:\Program Files\MiKTeX 2.9\tex\latex\fp\fp-upn.sty"
Package: fp-upn 1996/10/21
)
("C:\Program Files\MiKTeX 2.9\tex\latex\fp\fp-eval.sty"
Package: fp-eval 1995/04/03
)))
\@dtl@toks=\toks33
\@dtl@tmpcount=\count139
\dtl@tmplength=\skip73
\dtl@sortresult=\count140
\@dtl@numgrpsepcount=\count141
\@dtl@datatype=\count142
\dtl@codeA=\count143
\dtl@codeB=\count144
\@dtl@foreach@level=\count145
)
\dtlcolumnnum=\count146
\dtlrownum=\count147
\@dtl@before=\toks34
\@dtl@after=\toks35
\@dtl@colhead=\toks36
\dtlcurrentrow=\toks37
\dtlbeforerow=\toks38
\dtlafterrow=\toks39
\dtlforeachlevel=\count148
\c@DTLrowi=\count149
\c@DTLrowii=\count150
\c@DTLrowiii=\count151
\c@DTLrow=\count152
\dtl@rowi=\count153
\dtl@rowii=\count154
\dtl@rowiii=\count155
\@dtl@curi=\toks40
\@dtl@previ=\toks41
\@dtl@nexti=\toks42
\@dtl@curii=\toks43
\@dtl@previi=\toks44
\@dtl@nextii=\toks45
\@dtl@curiii=\toks46
\@dtl@previii=\toks47
\@dtl@nextiii=\toks48
\@dtl@elements=\count156
\@dtl@list=\toks49
\@dtl@rowa=\toks50
\@dtl@rowb=\toks51
\@dtl@toksA=\toks52
\@dtl@toksB=\toks53
\@dtl@write=\write5
\@dtl@read=\read2
\dtl@entrycr=\count157
\dtl@omitlines=\count158
)
("C:\Program Files\MiKTeX 2.9\tex\latex\glossaries\base\glossaries.sty"
Package: glossaries 2017/09/20 v4.33 (NLCT)

("C:\Program Files\MiKTeX 2.9\tex\latex\mfirstuc\mfirstuc.sty"
Package: mfirstuc 2016/07/31 v2.04 (NLCT)
\@glsmfirst=\toks54
\@glsmrest=\toks55
)
("C:\Program Files\MiKTeX 2.9\tex\latex\textcase\textcase.sty"
Package: textcase 2004/10/07 v0.07 Text only upper/lower case changing (DPC)
)
("C:\Program Files\MiKTeX 2.9\tex\latex\glossaries\base\glossaries-compatible-3
07.sty"
Package: glossaries-compatible-307 2017/09/20 v4.33 (NLCT)
) ("C:\Program Files\MiKTeX 2.9\tex\latex\tracklang\tracklang.sty"
Package: tracklang 2017/03/25 v1.3.4 (NLCT) Track Languages

("C:\Program Files\MiKTeX 2.9\tex\generic\tracklang\tracklang.tex"))
("C:\Program Files\MiKTeX 2.9\tex\latex\beamer\translator\translator.sty"
Package: translator 2010/06/12 ver 1.10

("C:\Program Files\MiKTeX 2.9\tex\latex\beamer\translator\translator-language-m
appings.tex"))
("C:\Program Files\MiKTeX 2.9\tex\latex\glossaries-portuges\glossaries-portuges
.ldf"
File: glossaries-portuges.ldf 2014/11/23 v1.0

("C:\Program Files\MiKTeX 2.9\tex\latex\glossaries-portuges\glossaries-portuges
-noenc.ldf"))
\gls@level=\count159
\@gls@tmpb=\toks56
\gls@tmplen=\skip74
\glskeylisttok=\toks57
\glslabeltok=\toks58
\glsshorttok=\toks59
\glslongtok=\toks60

("C:\Program Files\MiKTeX 2.9\tex\latex\glossaries\styles\glossary-hypernav.sty
"
Package: glossary-hypernav 2017/09/20 v4.33 (NLCT)
) ("C:\Program Files\MiKTeX 2.9\tex\latex\glossaries\styles\glossary-list.sty"
Package: glossary-list 2017/09/20 v4.33 (NLCT)
\glslistdottedwidth=\skip75
) ("C:\Program Files\MiKTeX 2.9\tex\latex\glossaries\styles\glossary-long.sty"
Package: glossary-long 2017/09/20 v4.33 (NLCT)

("C:\Program Files\MiKTeX 2.9\tex\latex\tools\longtable.sty"
Package: longtable 2014/10/28 v4.11 Multi-page Table package (DPC)
\LTleft=\skip76
\LTright=\skip77
\LTpre=\skip78
\LTpost=\skip79
\LTchunksize=\count160
\LTcapwidth=\dimen138
\LT@head=\box34
\LT@firsthead=\box35
\LT@foot=\box36
\LT@lastfoot=\box37
\LT@cols=\count161
\LT@rows=\count162
\c@LT@tables=\count163
\c@LT@chunks=\count164
\LT@p@ftn=\toks61
)
\glsdescwidth=\skip80
\glspagelistwidth=\skip81
)
("C:\Program Files\MiKTeX 2.9\tex\latex\glossaries\styles\glossary-super.sty"
Package: glossary-super 2017/09/20 v4.33 (NLCT)

("C:\Program Files\MiKTeX 2.9\tex\latex\supertabular\supertabular.sty"
Package: supertabular 2004/02/20 v4.1e the supertabular environment
\c@tracingst=\count165
\ST@wd=\dimen139
\ST@rightskip=\skip82
\ST@leftskip=\skip83
\ST@parfillskip=\skip84
\ST@pageleft=\dimen140
\ST@headht=\dimen141
\ST@tailht=\dimen142
\ST@pagesofar=\dimen143
\ST@pboxht=\dimen144
\ST@lineht=\dimen145
\ST@stretchht=\dimen146
\ST@prevht=\dimen147
\ST@toadd=\dimen148
\ST@dimen=\dimen149
\ST@pbox=\box38
))
("C:\Program Files\MiKTeX 2.9\tex\latex\glossaries\styles\glossary-tree.sty"
Package: glossary-tree 2017/09/20 v4.33 (NLCT)
\glstreeindent=\skip85
))
("C:\Program Files\MiKTeX 2.9\tex\latex\caption\caption.sty"
Package: caption 2016/02/21 v3.3-144 Customizing captions (AR)

("C:\Program Files\MiKTeX 2.9\tex\latex\caption\caption3.sty"
Package: caption3 2016/05/22 v1.7-166 caption3 kernel (AR)
Package caption3 Info: TeX engine: e-TeX on input line 67.
\captionmargin=\dimen150
\captionmargin@=\dimen151
\captionwidth=\dimen152
\caption@tempdima=\dimen153
\caption@indent=\dimen154
\caption@parindent=\dimen155
\caption@hangindent=\dimen156
)
\c@ContinuedFloat=\count166
Package caption Info: float package is loaded.
Package caption Info: hyperref package is loaded.
Package caption Info: longtable package is loaded.

("C:\Program Files\MiKTeX 2.9\tex\latex\caption\ltcaption.sty"
Package: ltcaption 2013/06/09 v1.4-94 longtable captions (AR)
)
Package caption Info: rotating package is loaded.
Package caption Info: subfigure package is loaded.
Package caption Info: supertabular package is loaded.
)
("C:\Program Files\MiKTeX 2.9\tex\latex\tabulary\tabulary.sty"
Package: tabulary 2014/06/11 v0.10 tabulary package (DPC)

("C:\Program Files\MiKTeX 2.9\tex\latex\tools\array.sty"
Package: array 2016/10/06 v2.4d Tabular extension package (FMi)
\col@sep=\dimen157
\extrarowheight=\dimen158
\NC@list=\toks62
\extratabsurround=\skip86
\backup@length=\skip87
)
\TY@count=\count167
\TY@linewidth=\dimen159
\tymin=\dimen160
\tymax=\dimen161
\TY@tablewidth=\dimen162
)
("C:\Program Files\MiKTeX 2.9\tex\latex\braket\braket.sty")
("C:\Program Files\MiKTeX 2.9\tex\latex\subfiles\subfiles.sty"
Package: subfiles 2012/05/23 Federico Garcia

("C:\Program Files\MiKTeX 2.9\tex\latex\tools\verbatim.sty"
Package: verbatim 2014/10/28 v1.5q LaTeX2e package for verbatim enhancements
\every@verbatim=\toks63
\verbatim@line=\toks64
\verbatim@in@stream=\read3
))
("C:\Program Files\MiKTeX 2.9\tex\latex\tools\multicol.sty"
Package: multicol 2017/04/11 v1.8q multicolumn formatting (FMi)
\c@tracingmulticols=\count168
\mult@box=\box39
\multicol@leftmargin=\dimen163
\c@unbalance=\count169
\c@collectmore=\count170
\doublecol@number=\count171
\multicoltolerance=\count172
\multicolpretolerance=\count173
\full@width=\dimen164
\page@free=\dimen165
\premulticols=\dimen166
\postmulticols=\dimen167
\multicolsep=\skip88
\multicolbaselineskip=\skip89
\partial@page=\box40
\last@line=\box41
\maxbalancingoverflow=\dimen168
\mult@rightbox=\box42
\mult@grightbox=\box43
\mult@gfirstbox=\box44
\mult@firstbox=\box45
\@tempa=\box46
\@tempa=\box47
\@tempa=\box48
\@tempa=\box49
\@tempa=\box50
\@tempa=\box51
\@tempa=\box52
\@tempa=\box53
\@tempa=\box54
\@tempa=\box55
\@tempa=\box56
\@tempa=\box57
\@tempa=\box58
\@tempa=\box59
\@tempa=\box60
\@tempa=\box61
\@tempa=\box62
\c@columnbadness=\count174
\c@finalcolumnbadness=\count175
\last@try=\dimen169
\multicolovershoot=\dimen170
\multicolundershoot=\dimen171
\mult@nat@firstbox=\box63
\colbreak@box=\box64
\mc@col@check@num=\count176
)
("C:\Program Files\MiKTeX 2.9\tex\latex\tcolorbox\tcolorbox.sty"
Package: tcolorbox 2017/09/14 version 4.11 text color boxes

("C:\Program Files\MiKTeX 2.9\tex\latex\pgf\basiclayer\pgf.sty"
("C:\Program Files\MiKTeX 2.9\tex\latex\pgf\utilities\pgfrcs.sty"
("C:\Program Files\MiKTeX 2.9\tex\generic\pgf\utilities\pgfutil-common.tex"
\pgfutil@everybye=\toks65
\pgfutil@tempdima=\dimen172
\pgfutil@tempdimb=\dimen173

("C:\Program Files\MiKTeX 2.9\tex\generic\pgf\utilities\pgfutil-common-lists.te
x")) ("C:\Program Files\MiKTeX 2.9\tex\generic\pgf\utilities\pgfutil-latex.def"
\pgfutil@abb=\box65
("C:\Program Files\MiKTeX 2.9\tex\latex\ms\everyshi.sty"
Package: everyshi 2001/05/15 v3.00 EveryShipout Package (MS)
))
("C:\Program Files\MiKTeX 2.9\tex\generic\pgf\utilities\pgfrcs.code.tex"
Package: pgfrcs 2015/08/07 v3.0.1a (rcs-revision 1.31)
))
Package: pgf 2015/08/07 v3.0.1a (rcs-revision 1.15)

("C:\Program Files\MiKTeX 2.9\tex\latex\pgf\basiclayer\pgfcore.sty"
("C:\Program Files\MiKTeX 2.9\tex\latex\pgf\systemlayer\pgfsys.sty"
("C:\Program Files\MiKTeX 2.9\tex\generic\pgf\systemlayer\pgfsys.code.tex"
Package: pgfsys 2014/07/09 v3.0.1a (rcs-revision 1.48)

("C:\Program Files\MiKTeX 2.9\tex\generic\pgf\utilities\pgfkeys.code.tex"
\pgfkeys@pathtoks=\toks66
\pgfkeys@temptoks=\toks67

("C:\Program Files\MiKTeX 2.9\tex\generic\pgf\utilities\pgfkeysfiltered.code.te
x"
\pgfkeys@tmptoks=\toks68
))
\pgf@x=\dimen174
\pgf@y=\dimen175
\pgf@xa=\dimen176
\pgf@ya=\dimen177
\pgf@xb=\dimen178
\pgf@yb=\dimen179
\pgf@xc=\dimen180
\pgf@yc=\dimen181
\w@pgf@writea=\write6
\r@pgf@reada=\read4
\c@pgf@counta=\count177
\c@pgf@countb=\count178
\c@pgf@countc=\count179
\c@pgf@countd=\count180
\t@pgf@toka=\toks69
\t@pgf@tokb=\toks70
\t@pgf@tokc=\toks71
 ("C:\Program Files\MiKTeX 2.9\tex\generic\pgf\systemlayer\pgf.cfg"
File: pgf.cfg 2008/05/14  (rcs-revision 1.7)
)
Driver file for pgf: pgfsys-pdftex.def

("C:\Program Files\MiKTeX 2.9\tex\generic\pgf\systemlayer\pgfsys-pdftex.def"
File: pgfsys-pdftex.def 2014/10/11  (rcs-revision 1.35)

("C:\Program Files\MiKTeX 2.9\tex\generic\pgf\systemlayer\pgfsys-common-pdf.def
"
File: pgfsys-common-pdf.def 2013/10/10  (rcs-revision 1.13)
)))
("C:\Program Files\MiKTeX 2.9\tex\generic\pgf\systemlayer\pgfsyssoftpath.code.t
ex"
File: pgfsyssoftpath.code.tex 2013/09/09  (rcs-revision 1.9)
\pgfsyssoftpath@smallbuffer@items=\count181
\pgfsyssoftpath@bigbuffer@items=\count182
)
("C:\Program Files\MiKTeX 2.9\tex\generic\pgf\systemlayer\pgfsysprotocol.code.t
ex"
File: pgfsysprotocol.code.tex 2006/10/16  (rcs-revision 1.4)
)) ("C:\Program Files\MiKTeX 2.9\tex\latex\xcolor\xcolor.sty"
Package: xcolor 2016/05/11 v2.12 LaTeX color extensions (UK)

("C:\Program Files\MiKTeX 2.9\tex\latex\graphics-cfg\color.cfg"
File: color.cfg 2016/01/02 v1.6 sample color configuration
)
Package xcolor Info: Driver file: pdftex.def on input line 225.
Package xcolor Info: Model `cmy' substituted by `cmy0' on input line 1348.
Package xcolor Info: Model `hsb' substituted by `rgb' on input line 1352.
Package xcolor Info: Model `RGB' extended on input line 1364.
Package xcolor Info: Model `HTML' substituted by `rgb' on input line 1366.
Package xcolor Info: Model `Hsb' substituted by `hsb' on input line 1367.
Package xcolor Info: Model `tHsb' substituted by `hsb' on input line 1368.
Package xcolor Info: Model `HSB' substituted by `hsb' on input line 1369.
Package xcolor Info: Model `Gray' substituted by `gray' on input line 1370.
Package xcolor Info: Model `wave' substituted by `hsb' on input line 1371.
)
("C:\Program Files\MiKTeX 2.9\tex\generic\pgf\basiclayer\pgfcore.code.tex"
Package: pgfcore 2010/04/11 v3.0.1a (rcs-revision 1.7)

("C:\Program Files\MiKTeX 2.9\tex\generic\pgf\math\pgfmath.code.tex"
("C:\Program Files\MiKTeX 2.9\tex\generic\pgf\math\pgfmathcalc.code.tex"
("C:\Program Files\MiKTeX 2.9\tex\generic\pgf\math\pgfmathutil.code.tex")
("C:\Program Files\MiKTeX 2.9\tex\generic\pgf\math\pgfmathparser.code.tex"
\pgfmath@dimen=\dimen182
\pgfmath@count=\count183
\pgfmath@box=\box66
\pgfmath@toks=\toks72
\pgfmath@stack@operand=\toks73
\pgfmath@stack@operation=\toks74
)
("C:\Program Files\MiKTeX 2.9\tex\generic\pgf\math\pgfmathfunctions.code.tex"
("C:\Program Files\MiKTeX 2.9\tex\generic\pgf\math\pgfmathfunctions.basic.code.
tex")
("C:\Program Files\MiKTeX 2.9\tex\generic\pgf\math\pgfmathfunctions.trigonometr
ic.code.tex")
("C:\Program Files\MiKTeX 2.9\tex\generic\pgf\math\pgfmathfunctions.random.code
.tex")
("C:\Program Files\MiKTeX 2.9\tex\generic\pgf\math\pgfmathfunctions.comparison.
code.tex")
("C:\Program Files\MiKTeX 2.9\tex\generic\pgf\math\pgfmathfunctions.base.code.t
ex")
("C:\Program Files\MiKTeX 2.9\tex\generic\pgf\math\pgfmathfunctions.round.code.
tex")
("C:\Program Files\MiKTeX 2.9\tex\generic\pgf\math\pgfmathfunctions.misc.code.t
ex")
("C:\Program Files\MiKTeX 2.9\tex\generic\pgf\math\pgfmathfunctions.integerarit
hmetics.code.tex")))
("C:\Program Files\MiKTeX 2.9\tex\generic\pgf\math\pgfmathfloat.code.tex"
\c@pgfmathroundto@lastzeros=\count184
))
("C:\Program Files\MiKTeX 2.9\tex\generic\pgf\basiclayer\pgfcorepoints.code.tex
"
File: pgfcorepoints.code.tex 2013/10/07  (rcs-revision 1.27)
\pgf@picminx=\dimen183
\pgf@picmaxx=\dimen184
\pgf@picminy=\dimen185
\pgf@picmaxy=\dimen186
\pgf@pathminx=\dimen187
\pgf@pathmaxx=\dimen188
\pgf@pathminy=\dimen189
\pgf@pathmaxy=\dimen190
\pgf@xx=\dimen191
\pgf@xy=\dimen192
\pgf@yx=\dimen193
\pgf@yy=\dimen194
\pgf@zx=\dimen195
\pgf@zy=\dimen196
)
("C:\Program Files\MiKTeX 2.9\tex\generic\pgf\basiclayer\pgfcorepathconstruct.c
ode.tex"
File: pgfcorepathconstruct.code.tex 2013/10/07  (rcs-revision 1.29)
\pgf@path@lastx=\dimen197
\pgf@path@lasty=\dimen198
)
("C:\Program Files\MiKTeX 2.9\tex\generic\pgf\basiclayer\pgfcorepathusage.code.
tex"
File: pgfcorepathusage.code.tex 2014/11/02  (rcs-revision 1.24)
\pgf@shorten@end@additional=\dimen199
\pgf@shorten@start@additional=\dimen256
)
("C:\Program Files\MiKTeX 2.9\tex\generic\pgf\basiclayer\pgfcorescopes.code.tex
"
File: pgfcorescopes.code.tex 2015/05/08  (rcs-revision 1.46)
\pgfpic=\box67
\pgf@hbox=\box68
\pgf@layerbox@main=\box69
\pgf@picture@serial@count=\count185
)
("C:\Program Files\MiKTeX 2.9\tex\generic\pgf\basiclayer\pgfcoregraphicstate.co
de.tex"
File: pgfcoregraphicstate.code.tex 2014/11/02  (rcs-revision 1.12)
\pgflinewidth=\dimen257
)
("C:\Program Files\MiKTeX 2.9\tex\generic\pgf\basiclayer\pgfcoretransformations
.code.tex"
File: pgfcoretransformations.code.tex 2015/08/07  (rcs-revision 1.20)
\pgf@pt@x=\dimen258
\pgf@pt@y=\dimen259
\pgf@pt@temp=\dimen260
)
("C:\Program Files\MiKTeX 2.9\tex\generic\pgf\basiclayer\pgfcorequick.code.tex"
File: pgfcorequick.code.tex 2008/10/09  (rcs-revision 1.3)
)
("C:\Program Files\MiKTeX 2.9\tex\generic\pgf\basiclayer\pgfcoreobjects.code.te
x"
File: pgfcoreobjects.code.tex 2006/10/11  (rcs-revision 1.2)
)
("C:\Program Files\MiKTeX 2.9\tex\generic\pgf\basiclayer\pgfcorepathprocessing.
code.tex"
File: pgfcorepathprocessing.code.tex 2013/09/09  (rcs-revision 1.9)
)
("C:\Program Files\MiKTeX 2.9\tex\generic\pgf\basiclayer\pgfcorearrows.code.tex
"
File: pgfcorearrows.code.tex 2015/05/14  (rcs-revision 1.43)
\pgfarrowsep=\dimen261
)
("C:\Program Files\MiKTeX 2.9\tex\generic\pgf\basiclayer\pgfcoreshade.code.tex"
File: pgfcoreshade.code.tex 2013/07/15  (rcs-revision 1.15)
\pgf@max=\dimen262
\pgf@sys@shading@range@num=\count186
) ("C:\Program Files\MiKTeX 2.9\tex\generic\pgf\basiclayer\pgfcoreimage.code.te
x"
File: pgfcoreimage.code.tex 2013/07/15  (rcs-revision 1.18)

("C:\Program Files\MiKTeX 2.9\tex\generic\pgf\basiclayer\pgfcoreexternal.code.t
ex"
File: pgfcoreexternal.code.tex 2014/07/09  (rcs-revision 1.21)
\pgfexternal@startupbox=\box70
))
("C:\Program Files\MiKTeX 2.9\tex\generic\pgf\basiclayer\pgfcorelayers.code.tex
"
File: pgfcorelayers.code.tex 2013/07/18  (rcs-revision 1.7)
)
("C:\Program Files\MiKTeX 2.9\tex\generic\pgf\basiclayer\pgfcoretransparency.co
de.tex"
File: pgfcoretransparency.code.tex 2013/09/30  (rcs-revision 1.5)
)
("C:\Program Files\MiKTeX 2.9\tex\generic\pgf\basiclayer\pgfcorepatterns.code.t
ex"
File: pgfcorepatterns.code.tex 2013/11/07  (rcs-revision 1.5)
)))
("C:\Program Files\MiKTeX 2.9\tex\generic\pgf\modules\pgfmoduleshapes.code.tex"
File: pgfmoduleshapes.code.tex 2014/03/21  (rcs-revision 1.35)
\pgfnodeparttextbox=\box71
) ("C:\Program Files\MiKTeX 2.9\tex\generic\pgf\modules\pgfmoduleplot.code.tex"
File: pgfmoduleplot.code.tex 2015/08/03  (rcs-revision 1.13)
)
("C:\Program Files\MiKTeX 2.9\tex\latex\pgf\compatibility\pgfcomp-version-0-65.
sty"
Package: pgfcomp-version-0-65 2007/07/03 v3.0.1a (rcs-revision 1.7)
\pgf@nodesepstart=\dimen263
\pgf@nodesepend=\dimen264
)
("C:\Program Files\MiKTeX 2.9\tex\latex\pgf\compatibility\pgfcomp-version-1-18.
sty"
Package: pgfcomp-version-1-18 2007/07/23 v3.0.1a (rcs-revision 1.1)
)) ("C:\Program Files\MiKTeX 2.9\tex\latex\environ\environ.sty"
Package: environ 2014/05/04 v0.3 A new way to define environments

("C:\Program Files\MiKTeX 2.9\tex\latex\trimspaces\trimspaces.sty"
Package: trimspaces 2009/09/17 v1.1 Trim spaces around a token list
))
\tcb@titlebox=\box72
\tcb@upperbox=\box73
\tcb@lowerbox=\box74
\tcb@phantombox=\box75
\c@tcbbreakpart=\count187
\c@tcblayer=\count188
\tcolorbox@number=\count189
\tcb@temp=\box76
\tcb@temp=\box77
\tcb@temp=\box78
\tcb@temp=\box79
\tcb@out=\write7
\tcb@record@out=\write8
))
\@input{./style/my_commands.aux}
\openout2 = `./style/my_commands.aux'.

(style/my_commands.tex)
\@indexfile=\write9
\openout9 = `main_netplanner.idx'.


Writing index file main_netplanner.idx
(main_netplanner.aux (chapter/introduction.aux)
(chapter/simulator_structure.aux) (chapter/development_cycle.aux)
(chapter/case_studies.aux) (chapter/attachments.aux))
\openout1 = `main_netplanner.aux'.

LaTeX Font Info:    Checking defaults for OML/cmm/m/it on input line 9.
LaTeX Font Info:    ... okay on input line 9.
LaTeX Font Info:    Checking defaults for T1/cmr/m/n on input line 9.
LaTeX Font Info:    ... okay on input line 9.
LaTeX Font Info:    Checking defaults for OT1/cmr/m/n on input line 9.
LaTeX Font Info:    ... okay on input line 9.
LaTeX Font Info:    Checking defaults for OMS/cmsy/m/n on input line 9.
LaTeX Font Info:    ... okay on input line 9.
LaTeX Font Info:    Checking defaults for OMX/cmex/m/n on input line 9.
LaTeX Font Info:    ... okay on input line 9.
LaTeX Font Info:    Checking defaults for U/cmr/m/n on input line 9.
LaTeX Font Info:    ... okay on input line 9.
LaTeX Font Info:    Checking defaults for PD1/pdf/m/n on input line 9.
LaTeX Font Info:    ... okay on input line 9.
LaTeX Font Info:    Try loading font information for T1+ppl on input line 9.

("C:\Program Files\MiKTeX 2.9\tex\latex\psnfss\t1ppl.fd"
File: t1ppl.fd 2001/06/04 font definitions for T1/ppl.
)
("C:\Program Files\MiKTeX 2.9\tex\context\base\supp-pdf.mkii"
[Loading MPS to PDF converter (version 2006.09.02).]
\scratchcounter=\count190
\scratchdimen=\dimen265
\scratchbox=\box80
\nofMPsegments=\count191
\nofMParguments=\count192
\everyMPshowfont=\toks75
\MPscratchCnt=\count193
\MPscratchDim=\dimen266
\MPnumerator=\count194
\makeMPintoPDFobject=\count195
\everyMPtoPDFconversion=\toks76
) ("C:\Program Files\MiKTeX 2.9\tex\latex\oberdiek\epstopdf-base.sty"
Package: epstopdf-base 2016/05/15 v2.6 Base part for package epstopdf

("C:\Program Files\MiKTeX 2.9\tex\latex\oberdiek\grfext.sty"
Package: grfext 2016/05/16 v1.2 Manage graphics extensions (HO)
)
Package epstopdf-base Info: Redefining graphics rule for `.eps' on input line 4
38.
Package grfext Info: Graphics extension search list:
(grfext)             [.png,.pdf,.jpg,.mps,.jpeg,.jbig2,.jb2,.PNG,.PDF,.JPG,.JPE
G,.JBIG2,.JB2,.eps]
(grfext)             \AppendGraphicsExtensions on input line 456.
)
\AtBeginShipoutBox=\box81
Package hyperref Info: Link coloring ON on input line 9.

("C:\Program Files\MiKTeX 2.9\tex\latex\hyperref\nameref.sty"
Package: nameref 2016/05/21 v2.44 Cross-referencing by name of section

("C:\Program Files\MiKTeX 2.9\tex\generic\oberdiek\gettitlestring.sty"
Package: gettitlestring 2016/05/16 v1.5 Cleanup title references (HO)
)
\c@section@level=\count196
)
LaTeX Info: Redefining \ref on input line 9.
LaTeX Info: Redefining \pageref on input line 9.
LaTeX Info: Redefining \nameref on input line 9.

(main_netplanner.out) (main_netplanner.out)
\@outlinefile=\write10
\openout10 = `main_netplanner.out'.

Package caption Info: Begin \AtBeginDocument code.
Package caption Info: End \AtBeginDocument code.

ABD: EveryShipout initializing macros
LaTeX Font Info:    Try loading font information for U+msa on input line 18.

("C:\Program Files\MiKTeX 2.9\tex\latex\amsfonts\umsa.fd"
File: umsa.fd 2013/01/14 v3.01 AMS symbols A
)
LaTeX Font Info:    Try loading font information for U+msb on input line 18.

("C:\Program Files\MiKTeX 2.9\tex\latex\amsfonts\umsb.fd"
File: umsb.fd 2013/01/14 v3.01 AMS symbols B
)
Package babel Info: Redefining portuges shorthand "|
(babel)             in language  on input line 18.
Package babel Info: Redefining portuges shorthand "|
(babel)             in language  on input line 18.
 [1



\providecommand\@newglossary[4]{}
\@newglossary{main}{glg}{gls}{glo}
\@newglossary{acronym}{alg}{acr}{acn}
\providecommand\tcolorbox@label[2]{}




{C:/ProgramData/MiKTeX/2.9/pdftex/config/pdftex.map}]
LaTeX Font Info:    Font shape `T1/ppl/bx/n' in size <14.4> not available
(Font)              Font shape `T1/ppl/b/n' tried instead on input line 20.
LaTeX Font Info:    Font shape `T1/ppl/bx/n' in size <17.28> not available
(Font)              Font shape `T1/ppl/b/n' tried instead on input line 20.
 (main_netplanner.toc
LaTeX Font Info:    Font shape `T1/ppl/bx/n' in size <10.95> not available
(Font)              Font shape `T1/ppl/b/n' tried instead on input line 2.
Package babel Info: Redefining portuges shorthand "|
(babel)             in language  on input line 48.
Package babel Info: Redefining portuges shorthand "|
(babel)             in language  on input line 48.
pdfTeX warning (ext4): destination with the same identifier (name{page.1}) has 
been already used, duplicate ignored
<to be read again> 
                   \relax 
l.48 ... Network topologies}{29}{subsection.5.2.2}
                                                   [1

])
\tf@toc=\write11
\openout11 = `main_netplanner.toc'.

Package babel Info: Redefining portuges shorthand "|
(babel)             in language  on input line 24.
Package babel Info: Redefining portuges shorthand "|
(babel)             in language  on input line 24.
 [2]
\openout2 = `chapter/introduction.aux'.


(chapter/introduction.tex
Cap\'{\i }tulo 1.
Package babel Info: Redefining portuges shorthand "|
(babel)             in language  on input line 3.
)
Package babel Info: Redefining portuges shorthand "|
(babel)             in language  on input line 24.
Package babel Info: Redefining portuges shorthand "|
(babel)             in language  on input line 24.
 [3


]
\openout2 = `chapter/simulator_structure.aux'.

 (chapter/simulator_structure.tex
Cap\'{\i }tulo 2.
Package babel Info: Redefining portuges shorthand "|
(babel)             in language  on input line 3.
Package babel Info: Redefining portuges shorthand "|
(babel)             in language  on input line 13.
Package babel Info: Redefining portuges shorthand "|
(babel)             in language  on input line 15.
Package babel Info: Redefining portuges shorthand "|
(babel)             in language  on input line 17.
LaTeX Font Info:    Try loading font information for OMS+ppl on input line 22.
("C:\Program Files\MiKTeX 2.9\tex\latex\psnfss\omsppl.fd"
File: omsppl.fd 
)
LaTeX Font Info:    Font shape `OMS/ppl/m/n' in size <10.95> not available
(Font)              Font shape `OMS/cmsy/m/n' tried instead on input line 22.
)
Package babel Info: Redefining portuges shorthand "|
(babel)             in language  on input line 25.
Package babel Info: Redefining portuges shorthand "|
(babel)             in language  on input line 25.
 [4



]
\openout2 = `chapter/development_cycle.aux'.


(chapter/development_cycle.tex
Cap\'{\i }tulo 3.
Package babel Info: Redefining portuges shorthand "|
(babel)             in language  on input line 3.

Underfull \hbox (badness 1132) in paragraph at lines 5--12
\T1/ppl/m/n/10.95 con-trol sys-tem. The NetXPTO-LinkPlanner re-po-si-tory is lo
-ca-ted in the GitHub site
 []

)
Package babel Info: Redefining portuges shorthand "|
(babel)             in language  on input line 26.
Package babel Info: Redefining portuges shorthand "|
(babel)             in language  on input line 26.
 [5



]
\openout2 = `chapter/case_studies.aux'.

 (chapter/case_studies.tex
Cap\'{\i }tulo 4.
Package babel Info: Redefining portuges shorthand "|
(babel)             in language  on input line 3.
(sdf/opaque_with_1_plus_1_protection/opaque.tex
Package babel Info: Redefining portuges shorthand "|
(babel)             in language  on input line 1.
Package babel Info: Redefining portuges shorthand "|
(babel)             in language  on input line 1.
 [6



]
Underfull \hbox (badness 2073) in paragraph at lines 7--8
[]|\T1/ppl/m/n/10.95 Implement the di-men-si-o-ning of op-ti-cal networks in th
e
 []


Overfull \hbox (7.33366pt too wide) in paragraph at lines 4--9
[][] 
 []

Package babel Info: Redefining portuges shorthand "|
(babel)             in language  on input line 11.
LaTeX Font Info:    Font shape `T1/ppl/bx/n' in size <12> not available
(Font)              Font shape `T1/ppl/b/n' tried instead on input line 14.
Package babel Info: Redefining portuges shorthand "|
(babel)             in language  on input line 14.
<./figures/RedeTeste.jpg, id=225, 572.1375pt x 195.73125pt>
File: ./figures/RedeTeste.jpg Graphic file (type jpg)

<use ./figures/RedeTeste.jpg>
Package pdftex.def Info: ./figures/RedeTeste.jpg used on input line 22.
(pdftex.def)             Requested size: 442.65375pt x 151.43628pt.
Package babel Info: Redefining portuges shorthand "|
(babel)             in language  on input line 47.
Package babel Info: Redefining portuges shorthand "|
(babel)             in language  on input line 47.
 [7

 <./figures/RedeTeste.jpg>]
<./figures/EON_Rede_Realista.jpg, id=235, 605.26125pt x 414.04688pt>
File: ./figures/EON_Rede_Realista.jpg Graphic file (type jpg)

<use ./figures/EON_Rede_Realista.jpg>
Package pdftex.def Info: ./figures/EON_Rede_Realista.jpg used on input line 58.

(pdftex.def)             Requested size: 442.65375pt x 302.81398pt.


LaTeX Warning: `!h' float specifier changed to `!ht'.

Package babel Info: Redefining portuges shorthand "|
(babel)             in language  on input line 88.
Package babel Info: Redefining portuges shorthand "|
(babel)             in language  on input line 92.
Package babel Info: Redefining portuges shorthand "|
(babel)             in language  on input line 92.
[8 <./figures/EON_Rede_Realista.jpg>]

LaTeX Warning: Command \textbackslash invalid in math mode on input line 100.


LaTeX Warning: Command \textbackslash invalid in math mode on input line 107.


LaTeX Warning: Command \textbackslash invalid in math mode on input line 114.

Package babel Info: Redefining portuges shorthand "|
(babel)             in language  on input line 147.
Package babel Info: Redefining portuges shorthand "|
(babel)             in language  on input line 147.
[9] <./figures/TabValor.jpg, id=273, 258.9675pt x 155.83218pt>
File: ./figures/TabValor.jpg Graphic file (type jpg)

<use ./figures/TabValor.jpg>
Package pdftex.def Info: ./figures/TabValor.jpg used on input line 156.
(pdftex.def)             Requested size: 258.96684pt x 155.8318pt.
Package babel Info: Redefining portuges shorthand "|
(babel)             in language  on input line 174.
Package babel Info: Redefining portuges shorthand "|
(babel)             in language  on input line 174.
 [10 <./figures/TabValor.jpg>]
Package babel Info: Redefining portuges shorthand "|
(babel)             in language  on input line 215.
Package babel Info: Redefining portuges shorthand "|
(babel)             in language  on input line 215.
 [11]
Underfull \hbox (badness 10000) in paragraph at lines 215--216

 []


Underfull \hbox (badness 10000) in paragraph at lines 217--218

 []


Underfull \hbox (badness 10000) in paragraph at lines 223--224

 []


Underfull \hbox (badness 10000) in paragraph at lines 225--226

 []


Underfull \hbox (badness 10000) in paragraph at lines 231--232

 []

Package babel Info: Redefining portuges shorthand "|
(babel)             in language  on input line 233.
Package babel Info: Redefining portuges shorthand "|
(babel)             in language  on input line 239.
) (sdf/transparent_with_1_plus_1_protection/transparent.tex
Package babel Info: Redefining portuges shorthand "|
(babel)             in language  on input line 1.
Package babel Info: Redefining portuges shorthand "|
(babel)             in language  on input line 1.
 [12]
Underfull \hbox (badness 2073) in paragraph at lines 7--8
[]|\T1/ppl/m/n/10.95 Implement the di-men-si-o-ning of op-ti-cal networks in th
e
 []


Overfull \hbox (7.33366pt too wide) in paragraph at lines 4--9
[][] 
 []

Package babel Info: Redefining portuges shorthand "|
(babel)             in language  on input line 11.
Package babel Info: Redefining portuges shorthand "|
(babel)             in language  on input line 14.
File: ./figures/RedeTeste.jpg Graphic file (type jpg)
<use ./figures/RedeTeste.jpg>
Package pdftex.def Info: ./figures/RedeTeste.jpg used on input line 22.
(pdftex.def)             Requested size: 442.65375pt x 151.43628pt.
Package babel Info: Redefining portuges shorthand "|
(babel)             in language  on input line 46.
Package babel Info: Redefining portuges shorthand "|
(babel)             in language  on input line 46.
 [13

]
File: ./figures/EON_Rede_Realista.jpg Graphic file (type jpg)
 <use ./figures/EON_Rede_Realista.jpg>
Package pdftex.def Info: ./figures/EON_Rede_Realista.jpg used on input line 57.

(pdftex.def)             Requested size: 442.65375pt x 302.81398pt.


LaTeX Warning: `!h' float specifier changed to `!ht'.

Package babel Info: Redefining portuges shorthand "|
(babel)             in language  on input line 87.
Package babel Info: Redefining portuges shorthand "|
(babel)             in language  on input line 91.
Package babel Info: Redefining portuges shorthand "|
(babel)             in language  on input line 91.
[14]

LaTeX Warning: Command \textbackslash invalid in math mode on input line 99.


LaTeX Warning: Command \textbackslash invalid in math mode on input line 106.


LaTeX Warning: Command \textbackslash invalid in math mode on input line 113.

Package babel Info: Redefining portuges shorthand "|
(babel)             in language  on input line 140.
Package babel Info: Redefining portuges shorthand "|
(babel)             in language  on input line 140.
[15]
File: ./figures/TabValor.jpg Graphic file (type jpg)
 <use ./figures/TabValor.jpg>
Package pdftex.def Info: ./figures/TabValor.jpg used on input line 148.
(pdftex.def)             Requested size: 258.96684pt x 155.8318pt.

Underfull \hbox (badness 10000) in paragraph at lines 159--160

 []

Package babel Info: Redefining portuges shorthand "|
(babel)             in language  on input line 173.
Package babel Info: Redefining portuges shorthand "|
(babel)             in language  on input line 173.
[16]
Underfull \hbox (badness 10000) in paragraph at lines 189--190

 []


Underfull \hbox (badness 10000) in paragraph at lines 193--194

 []


Underfull \hbox (badness 10000) in paragraph at lines 196--197

 []


Underfull \hbox (badness 10000) in paragraph at lines 202--203

 []


Underfull \hbox (badness 10000) in paragraph at lines 204--205

 []


Underfull \hbox (badness 10000) in paragraph at lines 210--211

 []

Package babel Info: Redefining portuges shorthand "|
(babel)             in language  on input line 213.
Package babel Info: Redefining portuges shorthand "|
(babel)             in language  on input line 219.
) (sdf/translucent_with_1_plus_1_protection/translucent.tex
Package babel Info: Redefining portuges shorthand "|
(babel)             in language  on input line 1.
Package babel Info: Redefining portuges shorthand "|
(babel)             in language  on input line 1.
 [17]
Underfull \hbox (badness 2073) in paragraph at lines 7--8
[]|\T1/ppl/m/n/10.95 Implement the di-men-si-o-ning of op-ti-cal networks in th
e
 []


Overfull \hbox (7.33366pt too wide) in paragraph at lines 4--9
[][] 
 []

Package babel Info: Redefining portuges shorthand "|
(babel)             in language  on input line 11.
Package babel Info: Redefining portuges shorthand "|
(babel)             in language  on input line 15.
File: ./figures/RedeTeste.jpg Graphic file (type jpg)
<use ./figures/RedeTeste.jpg>
Package pdftex.def Info: ./figures/RedeTeste.jpg used on input line 23.
(pdftex.def)             Requested size: 442.65375pt x 151.43628pt.
Package babel Info: Redefining portuges shorthand "|
(babel)             in language  on input line 47.
Package babel Info: Redefining portuges shorthand "|
(babel)             in language  on input line 47.
 [18

]
File: ./figures/EON_Rede_Realista.jpg Graphic file (type jpg)
 <use ./figures/EON_Rede_Realista.jpg>
Package pdftex.def Info: ./figures/EON_Rede_Realista.jpg used on input line 58.

(pdftex.def)             Requested size: 442.65375pt x 302.81398pt.


LaTeX Warning: `!h' float specifier changed to `!ht'.

Package babel Info: Redefining portuges shorthand "|
(babel)             in language  on input line 88.
Package babel Info: Redefining portuges shorthand "|
(babel)             in language  on input line 95.
Package babel Info: Redefining portuges shorthand "|
(babel)             in language  on input line 95.
[19]

LaTeX Warning: Command \textbackslash invalid in math mode on input line 107.

Package babel Info: Redefining portuges shorthand "|
(babel)             in language  on input line 167.
Package babel Info: Redefining portuges shorthand "|
(babel)             in language  on input line 167.
[20]
File: ./figures/TabValor.jpg Graphic file (type jpg)
 <use ./figures/TabValor.jpg>
Package pdftex.def Info: ./figures/TabValor.jpg used on input line 177.
(pdftex.def)             Requested size: 258.96684pt x 155.8318pt.

Underfull \hbox (badness 10000) in paragraph at lines 187--188

 []


Underfull \hbox (badness 10000) in paragraph at lines 219--220

 []


Underfull \hbox (badness 10000) in paragraph at lines 221--222

 []

Package babel Info: Redefining portuges shorthand "|
(babel)             in language  on input line 222.
Package babel Info: Redefining portuges shorthand "|
(babel)             in language  on input line 222.
[21]
Underfull \hbox (badness 10000) in paragraph at lines 227--228

 []


Underfull \hbox (badness 10000) in paragraph at lines 229--230

 []


Underfull \hbox (badness 10000) in paragraph at lines 235--236

 []

Package babel Info: Redefining portuges shorthand "|
(babel)             in language  on input line 239.
Package babel Info: Redefining portuges shorthand "|
(babel)             in language  on input line 245.
))
Package babel Info: Redefining portuges shorthand "|
(babel)             in language  on input line 27.
Package babel Info: Redefining portuges shorthand "|
(babel)             in language  on input line 27.
 [22]
\openout2 = `chapter/attachments.aux'.

 (chapter/attachments.tex
Cap\'{\i }tulo 5.
Package babel Info: Redefining portuges shorthand "|
(babel)             in language  on input line 3.
(net2plan/tex/Net2PlanGuide.tex
Package babel Info: Redefining portuges shorthand "|
(babel)             in language  on input line 2.
Package babel Info: Redefining portuges shorthand "|
(babel)             in language  on input line 6.
LaTeX Font Info:    Try loading font information for T1+pcr on input line 8.

("C:\Program Files\MiKTeX 2.9\tex\latex\psnfss\t1pcr.fd"
File: t1pcr.fd 2001/06/04 font definitions for T1/pcr.
)

pdfTeX warning: pdflatex.exe (file ./figures/Net2Plan.pdf): PDF inclusion: foun
d PDF version <1.7>, but at most version <1.5> allowed
<./figures/Net2Plan.pdf, id=413, 1028.34187pt x 548.80031pt>
File: ./figures/Net2Plan.pdf Graphic file (type pdf)

<use ./figures/Net2Plan.pdf>
Package pdftex.def Info: ./figures/Net2Plan.pdf used on input line 14.
(pdftex.def)             Requested size: 369.88582pt x 197.40047pt.
Package babel Info: Redefining portuges shorthand "|
(babel)             in language  on input line 18.
Package babel Info: Redefining portuges shorthand "|
(babel)             in language  on input line 23.
Package babel Info: Redefining portuges shorthand "|
(babel)             in language  on input line 23.
 [23



 <./figures/Net2Plan.pdf>]
Package babel Info: Redefining portuges shorthand "|
(babel)             in language  on input line 23.
Package babel Info: Redefining portuges shorthand "|
(babel)             in language  on input line 23.
 [24]

pdfTeX warning: pdflatex.exe (file ./figures/Net2Plan_options.pdf): PDF inclusi
on: found PDF version <1.7>, but at most version <1.5> allowed
<./figures/Net2Plan_options.pdf, id=427, 595.47469pt x 449.42906pt>
File: ./figures/Net2Plan_options.pdf Graphic file (type pdf)

<use ./figures/Net2Plan_options.pdf>
Package pdftex.def Info: ./figures/Net2Plan_options.pdf used on input line 26.
(pdftex.def)             Requested size: 312.9803pt x 236.21437pt.

Underfull \hbox (badness 10000) in paragraph at lines 32--33

 []



pdfTeX warning: pdflatex.exe (file ./figures/Net2Plan_ipopt.pdf): PDF inclusion
: found PDF version <1.7>, but at most version <1.5> allowed
<./figures/Net2Plan_ipopt.pdf, id=430, 335.75438pt x 475.7775pt>
File: ./figures/Net2Plan_ipopt.pdf Graphic file (type pdf)

<use ./figures/Net2Plan_ipopt.pdf>
Package pdftex.def Info: ./figures/Net2Plan_ipopt.pdf used on input line 39.
(pdftex.def)             Requested size: 199.16928pt x 282.23083pt.


LaTeX Warning: `!h' float specifier changed to `!ht'.



pdfTeX warning: pdflatex.exe (file ./figures/Net2Plan_glpk.pdf): PDF inclusion:
 found PDF version <1.7>, but at most version <1.5> allowed
<./figures/Net2Plan_glpk.pdf, id=433, 336.50719pt x 477.28313pt>
File: ./figures/Net2Plan_glpk.pdf Graphic file (type pdf)

<use ./figures/Net2Plan_glpk.pdf>
Package pdftex.def Info: ./figures/Net2Plan_glpk.pdf used on input line 52.
(pdftex.def)             Requested size: 199.16928pt x 282.49037pt.


LaTeX Warning: `!h' float specifier changed to `!ht'.

Package babel Info: Redefining portuges shorthand "|
(babel)             in language  on input line 57.
Package babel Info: Redefining portuges shorthand "|
(babel)             in language  on input line 57.
[25 <./figures/Net2Plan_options.pdf>]
Package babel Info: Redefining portuges shorthand "|
(babel)             in language  on input line 59.
Package babel Info: Redefining portuges shorthand "|
(babel)             in language  on input line 62.


pdfTeX warning: pdflatex.exe (file ./figures/Net2Plan_traffic.pdf): PDF inclusi
on: found PDF version <1.7>, but at most version <1.5> allowed
<./figures/Net2Plan_traffic.pdf, id=445, 1028.34187pt x 547.2947pt>
File: ./figures/Net2Plan_traffic.pdf Graphic file (type pdf)

<use ./figures/Net2Plan_traffic.pdf>
Package pdftex.def Info: ./figures/Net2Plan_traffic.pdf used on input line 68.
(pdftex.def)             Requested size: 455.24408pt x 242.28853pt.

Overfull \hbox (12.59033pt too wide) in paragraph at lines 68--69
 [][] 
 []


LaTeX Warning: `!h' float specifier changed to `!ht'.

Package babel Info: Redefining portuges shorthand "|
(babel)             in language  on input line 85.
Package babel Info: Redefining portuges shorthand "|
(babel)             in language  on input line 85.
[26 <./figures/Net2Plan_ipopt.pdf>]
Package babel Info: Redefining portuges shorthand "|
(babel)             in language  on input line 86.
Package babel Info: Redefining portuges shorthand "|
(babel)             in language  on input line 86.
 [27 <./figures/Net2Plan_glpk.pdf> <./figures/Net2Plan_traffic.pdf>]
Underfull \hbox (badness 10000) in paragraph at lines 95--96

 []



pdfTeX warning: pdflatex.exe (file ./figures/TrafficMatrixCreation.pdf): PDF in
clusion: found PDF version <1.7>, but at most version <1.5> allowed
<./figures/TrafficMatrixCreation.pdf, id=462, 626.08606pt x 209.20259pt>
File: ./figures/TrafficMatrixCreation.pdf Graphic file (type pdf)

<use ./figures/TrafficMatrixCreation.pdf>
Package pdftex.def Info: ./figures/TrafficMatrixCreation.pdf used on input line
 101.
(pdftex.def)             Requested size: 369.88582pt x 123.59764pt.


pdfTeX warning: pdflatex.exe (file ./figures/Net2Plan_matrix.pdf): PDF inclusio
n: found PDF version <1.7>, but at most version <1.5> allowed
<./figures/Net2Plan_matrix.pdf, id=464, 742.47891pt x 124.00026pt>
File: ./figures/Net2Plan_matrix.pdf Graphic file (type pdf)

<use ./figures/Net2Plan_matrix.pdf>
Package pdftex.def Info: ./figures/Net2Plan_matrix.pdf used on input line 110.
(pdftex.def)             Requested size: 369.88582pt x 61.77292pt.
Package babel Info: Redefining portuges shorthand "|
(babel)             in language  on input line 117.
Package babel Info: Redefining portuges shorthand "|
(babel)             in language  on input line 117.
 [28 <./figures/TrafficMatrixCreation.pdf> <./figures/Net2Plan_matrix.pdf>]
Package babel Info: Redefining portuges shorthand "|
(babel)             in language  on input line 119.


pdfTeX warning: pdflatex.exe (file ./figures/Net2Plan_Network.pdf): PDF inclusi
on: found PDF version <1.7>, but at most version <1.5> allowed
<./figures/Net2Plan_Network.pdf, id=478, 1028.34187pt x 539.76656pt>
File: ./figures/Net2Plan_Network.pdf Graphic file (type pdf)

<use ./figures/Net2Plan_Network.pdf>
Package pdftex.def Info: ./figures/Net2Plan_Network.pdf used on input line 124.

(pdftex.def)             Requested size: 483.69684pt x 253.88799pt.

Overfull \hbox (41.04309pt too wide) in paragraph at lines 124--125
 [][] 
 []


Underfull \hbox (badness 10000) in paragraph at lines 129--130

 []


Underfull \hbox (badness 10000) in paragraph at lines 131--132

 []


Underfull \hbox (badness 10000) in paragraph at lines 133--134

 []

Package babel Info: Redefining portuges shorthand "|
(babel)             in language  on input line 135.
Package babel Info: Redefining portuges shorthand "|
(babel)             in language  on input line 135.
[29 <./figures/Net2Plan_Network.pdf>]
Underfull \hbox (badness 10000) in paragraph at lines 135--136

 []

Package babel Info: Redefining portuges shorthand "|
(babel)             in language  on input line 138.
Package babel Info: Redefining portuges shorthand "|
(babel)             in language  on input line 138.
[30]

pdfTeX warning: pdflatex.exe (file ./figures/Net2Plan_Network_1.pdf): PDF inclu
sion: found PDF version <1.7>, but at most version <1.5> allowed
<./figures/Net2Plan_Network_1.pdf, id=493, 687.31781pt x 365.11406pt>
File: ./figures/Net2Plan_Network_1.pdf Graphic file (type pdf)

<use ./figures/Net2Plan_Network_1.pdf>
Package pdftex.def Info: ./figures/Net2Plan_Network_1.pdf used on input line 14
0.
(pdftex.def)             Requested size: 341.43306pt x 181.37549pt.


pdfTeX warning: pdflatex.exe (file ./figures/Net2Plan_Network_Parameters.pdf): 
PDF inclusion: found PDF version <1.7>, but at most version <1.5> allowed
<./figures/Net2Plan_Network_Parameters.pdf, id=496, 331.2375pt x 146.04562pt>
File: ./figures/Net2Plan_Network_Parameters.pdf Graphic file (type pdf)

<use ./figures/Net2Plan_Network_Parameters.pdf>
Package pdftex.def Info: ./figures/Net2Plan_Network_Parameters.pdf used on inpu
t line 154.
(pdftex.def)             Requested size: 227.62204pt x 100.3593pt.


pdfTeX warning: pdflatex.exe (file ./figures/Net2Plan_Network_Parameters_1.pdf)
: PDF inclusion: found PDF version <1.7>, but at most version <1.5> allowed

<./figures/Net2Plan_Network_Parameters_1.pdf, id=497, 335.75438pt x 265.74281pt
>
File: ./figures/Net2Plan_Network_Parameters_1.pdf Graphic file (type pdf)
 <use ./figures/Net2Plan_Network_Parameters_1.pdf>
Package pdftex.def Info: ./figures/Net2Plan_Network_Parameters_1.pdf used on in
put line 159.
(pdftex.def)             Requested size: 227.62204pt x 180.15936pt.
Package babel Info: Redefining portuges shorthand "|
(babel)             in language  on input line 164.
Package babel Info: Redefining portuges shorthand "|
(babel)             in language  on input line 164.
 [31 <./figures/Net2Plan_Network_1.pdf> <./figures/Net2Plan_Network_Parameters.
pdf> <./figures/Net2Plan_Network_Parameters_1.pdf>]
Underfull \hbox (badness 10000) in paragraph at lines 165--166

 []



pdfTeX warning: pdflatex.exe (file ./figures/Net2Plan_joinMatrices.pdf): PDF in
clusion: found PDF version <1.7>, but at most version <1.5> allowed
<./figures/Net2Plan_joinMatrices.pdf, id=512, 325.215pt x 258.21469pt>
File: ./figures/Net2Plan_joinMatrices.pdf Graphic file (type pdf)

<use ./figures/Net2Plan_joinMatrices.pdf>
Package pdftex.def Info: ./figures/Net2Plan_joinMatrices.pdf used on input line
 173.
(pdftex.def)             Requested size: 312.9803pt x 248.51762pt.

Underfull \hbox (badness 10000) in paragraph at lines 180--181

 []

Package babel Info: Redefining portuges shorthand "|
(babel)             in language  on input line 182.
Package babel Info: Redefining portuges shorthand "|
(babel)             in language  on input line 182.
[32 <./figures/Net2Plan_joinMatrices.pdf>]
Underfull \hbox (badness 10000) in paragraph at lines 182--183

 []


Underfull \hbox (badness 10000) in paragraph at lines 184--185

 []

Package babel Info: Redefining portuges shorthand "|
(babel)             in language  on input line 187.
Package babel Info: Redefining portuges shorthand "|
(babel)             in language  on input line 187.
[33]
Underfull \hbox (badness 10000) in paragraph at lines 188--189

 []



pdfTeX warning: pdflatex.exe (file ./figures/Logical_Topology_Algorithm.pdf): P
DF inclusion: found PDF version <1.7>, but at most version <1.5> allowed
<./figures/Logical_Topology_Algorithm.pdf, id=526, 321.45094pt x 198.7425pt>
File: ./figures/Logical_Topology_Algorithm.pdf Graphic file (type pdf)

<use ./figures/Logical_Topology_Algorithm.pdf>
Package pdftex.def Info: ./figures/Logical_Topology_Algorithm.pdf used on input
 line 193.
(pdftex.def)             Requested size: 312.9803pt x 193.51083pt.

Underfull \hbox (badness 10000) in paragraph at lines 198--199
[]\T1/ppl/m/n/10.95 There are
 []


Underfull \hbox (badness 10000) in paragraph at lines 198--199

 []



pdfTeX warning: pdflatex.exe (file ./figures/Net2Plan_Opaque.pdf): PDF inclusio
n: found PDF version <1.7>, but at most version <1.5> allowed
<./figures/Net2Plan_Opaque.pdf, id=529, 680.5425pt x 312.41719pt>
File: ./figures/Net2Plan_Opaque.pdf Graphic file (type pdf)

<use ./figures/Net2Plan_Opaque.pdf>
Package pdftex.def Info: ./figures/Net2Plan_Opaque.pdf used on input line 210.
(pdftex.def)             Requested size: 199.16928pt x 91.43289pt.


pdfTeX warning: pdflatex.exe (file ./figures/Net2Plan_Transparent.pdf): PDF inc
lusion: found PDF version <1.7>, but at most version <1.5> allowed
<./figures/Net2Plan_Transparent.pdf, id=530, 675.27281pt x 310.91156pt>
File: ./figures/Net2Plan_Transparent.pdf Graphic file (type pdf)

<use ./figures/Net2Plan_Transparent.pdf>
Package pdftex.def Info: ./figures/Net2Plan_Transparent.pdf used on input line 
214.
(pdftex.def)             Requested size: 199.16928pt x 91.69913pt.
Package babel Info: Redefining portuges shorthand "|
(babel)             in language  on input line 222.
Package babel Info: Redefining portuges shorthand "|
(babel)             in language  on input line 222.
 [34 <./figures/Logical_Topology_Algorithm.pdf> <./figures/Net2Plan_Opaque.pdf>
 <./figures/Net2Plan_Transparent.pdf>]
Package babel Info: Redefining portuges shorthand "|
(babel)             in language  on input line 225.
Package babel Info: Redefining portuges shorthand "|
(babel)             in language  on input line 225.

[35]
Package babel Info: Redefining portuges shorthand "|
(babel)             in language  on input line 225.


pdfTeX warning: pdflatex.exe (file ./figures/Grooming_Algorithm.pdf): PDF inclu
sion: found PDF version <1.7>, but at most version <1.5> allowed
<./figures/Grooming_Algorithm.pdf, id=550, 324.46219pt x 212.29312pt>
File: ./figures/Grooming_Algorithm.pdf Graphic file (type pdf)

<use ./figures/Grooming_Algorithm.pdf>
Package pdftex.def Info: ./figures/Grooming_Algorithm.pdf used on input line 23
5.
(pdftex.def)             Requested size: 312.9803pt x 204.79355pt.

Underfull \hbox (badness 10000) in paragraph at lines 240--241

 []

Package babel Info: Redefining portuges shorthand "|
(babel)             in language  on input line 266.
Package babel Info: Redefining portuges shorthand "|
(babel)             in language  on input line 266.
[36 <./figures/Grooming_Algorithm.pdf>]
Package babel Info: Redefining portuges shorthand "|
(babel)             in language  on input line 268.


pdfTeX warning: pdflatex.exe (file ./figures/networkCost_Report.pdf): PDF inclu
sion: found PDF version <1.7>, but at most version <1.5> allowed
<./figures/networkCost_Report.pdf, id=561, 334.24875pt x 469.00218pt>
File: ./figures/networkCost_Report.pdf Graphic file (type pdf)

<use ./figures/networkCost_Report.pdf>
Package pdftex.def Info: ./figures/networkCost_Report.pdf used on input line 31
8.
(pdftex.def)             Requested size: 213.39566pt x 299.43758pt.


LaTeX Warning: `!h' float specifier changed to `!ht'.


Underfull \hbox (badness 10000) in paragraph at lines 342--343

 []

Package babel Info: Redefining portuges shorthand "|
(babel)             in language  on input line 344.
Package babel Info: Redefining portuges shorthand "|
(babel)             in language  on input line 344.
[37]
Underfull \hbox (badness 10000) in paragraph at lines 344--345

 []


Underfull \hbox (badness 10000) in paragraph at lines 346--347

 []


Underfull \hbox (badness 10000) in paragraph at lines 348--349

 []

Package babel Info: Redefining portuges shorthand "|
(babel)             in language  on input line 352.
Package babel Info: Redefining portuges shorthand "|
(babel)             in language  on input line 352.
[38 <./figures/networkCost_Report.pdf>]
Underfull \hbox (badness 10000) in paragraph at lines 367--368

 []


Underfull \hbox (badness 10000) in paragraph at lines 369--370

 []


Underfull \hbox (badness 10000) in paragraph at lines 374--375

 []


Underfull \hbox (badness 10000) in paragraph at lines 392--393

 []


Underfull \hbox (badness 10000) in paragraph at lines 394--395

 []

Package babel Info: Redefining portuges shorthand "|
(babel)             in language  on input line 395.
Package babel Info: Redefining portuges shorthand "|
(babel)             in language  on input line 395.
[39]
Underfull \hbox (badness 10000) in paragraph at lines 396--397

 []


Underfull \hbox (badness 10000) in paragraph at lines 418--419

 []

Package babel Info: Redefining portuges shorthand "|
(babel)             in language  on input line 420.
Package babel Info: Redefining portuges shorthand "|
(babel)             in language  on input line 424.

Underfull \hbox (badness 10000) in paragraph at lines 427--429

 []

Package babel Info: Redefining portuges shorthand "|
(babel)             in language  on input line 430.
Package babel Info: Redefining portuges shorthand "|
(babel)             in language  on input line 430.
[40]

pdfTeX warning: pdflatex.exe (file ./figures/opaqueLineMatricesLogical11.pdf): 
PDF inclusion: found PDF version <1.7>, but at most version <1.5> allowed
<./figures/opaqueLineMatricesLogical11.pdf, id=598, 184.43906pt x 97.86563pt>
File: ./figures/opaqueLineMatricesLogical11.pdf Graphic file (type pdf)

<use ./figures/opaqueLineMatricesLogical11.pdf>
Package pdftex.def Info: ./figures/opaqueLineMatricesLogical11.pdf used on inpu
t line 436.
(pdftex.def)             Requested size: 256.0748pt x 135.876pt.

Underfull \hbox (badness 10000) in paragraph at lines 441--442

 []


Underfull \hbox (badness 4595) in paragraph at lines 454--455
[]\T1/ppl/m/n/10.95 The num-ber of wa-ve-lengths can again be seen on the links
 sec-tion of the
 []



pdfTeX warning: pdflatex.exe (file ./figures/networkCost_Report_Links_Opaque11.
pdf): PDF inclusion: found PDF version <1.7>, but at most version <1.5> allowed


<./figures/networkCost_Report_Links_Opaque11.pdf, id=600, 546.20866pt x 213.766
63pt>
File: ./figures/networkCost_Report_Links_Opaque11.pdf Graphic file (type pdf)
 <use ./figures/networkCost_Report_Links_Opaque11.pdf>
Package pdftex.def Info: ./figures/networkCost_Report_Links_Opaque11.pdf used o
n input line 458.
(pdftex.def)             Requested size: 312.9803pt x 122.49081pt.
Package babel Info: Redefining portuges shorthand "|
(babel)             in language  on input line 465.
Package babel Info: Redefining portuges shorthand "|
(babel)             in language  on input line 465.
 [41 <./figures/opaqueLineMatricesLogical11.pdf> <./figures/networkCost_Report_
Links_Opaque11.pdf>]

pdfTeX warning: pdflatex.exe (file ./figures/networkCost_Report_Nodes_Opaque11.
pdf): PDF inclusion: found PDF version <1.7>, but at most version <1.5> allowed


<./figures/networkCost_Report_Nodes_Opaque11.pdf, id=613, 483.06773pt x 188.662
84pt>
File: ./figures/networkCost_Report_Nodes_Opaque11.pdf Graphic file (type pdf)
 <use ./figures/networkCost_Report_Nodes_Opaque11.pdf>
Package pdftex.def Info: ./figures/networkCost_Report_Nodes_Opaque11.pdf used o
n input line 469.
(pdftex.def)             Requested size: 312.9803pt x 122.23499pt.

Underfull \hbox (badness 10000) in paragraph at lines 476--477

 []


Underfull \hbox (badness 10000) in paragraph at lines 478--479

 []



pdfTeX warning: pdflatex.exe (file ./figures/networkCost_Report_Cost_Opaque11.p
df): PDF inclusion: found PDF version <1.7>, but at most version <1.5> allowed

<./figures/networkCost_Report_Cost_Opaque11.pdf, id=615, 264.73605pt x 168.8839
6pt>
File: ./figures/networkCost_Report_Cost_Opaque11.pdf Graphic file (type pdf)
 <use ./figures/networkCost_Report_Cost_Opaque11.pdf>
Package pdftex.def Info: ./figures/networkCost_Report_Cost_Opaque11.pdf used on
 input line 482.
(pdftex.def)             Requested size: 256.0748pt x 163.36884pt.
Package babel Info: Redefining portuges shorthand "|
(babel)             in language  on input line 488.
Package babel Info: Redefining portuges shorthand "|
(babel)             in language  on input line 488.
 [42 <./figures/networkCost_Report_Nodes_Opaque11.pdf> <./figures/networkCost_R
eport_Cost_Opaque11.pdf>]
Package babel Info: Redefining portuges shorthand "|
(babel)             in language  on input line 493.

Underfull \hbox (badness 10000) in paragraph at lines 499--500

 []


Underfull \hbox (badness 10000) in paragraph at lines 505--506

 []


Underfull \hbox (badness 10000) in paragraph at lines 510--511

 []



pdfTeX warning: pdflatex.exe (file ./figures/networkCost_Report_Links_Transpare
nt11.pdf): PDF inclusion: found PDF version <1.7>, but at most version <1.5> al
lowed

<./figures/networkCost_Report_Links_Transparent11.pdf, id=630, 546.9695pt x 209
.96342pt>
File: ./figures/networkCost_Report_Links_Transparent11.pdf Graphic file (type p
df)
 <use ./figures/networkCost_Report_Links_Transparent11.pdf>
Package pdftex.def Info: ./figures/networkCost_Report_Links_Transparent11.pdf u
sed on input line 514.
(pdftex.def)             Requested size: 312.9803pt x 120.14813pt.

Underfull \hbox (badness 10000) in paragraph at lines 519--520

 []

Package babel Info: Redefining portuges shorthand "|
(babel)             in language  on input line 520.
Package babel Info: Redefining portuges shorthand "|
(babel)             in language  on input line 520.
[43 <./figures/networkCost_Report_Links_Transparent11.pdf>]
Package babel Info: Redefining portuges shorthand "|
(babel)             in language  on input line 520.
Package babel Info: Redefining portuges shorthand "|
(babel)             in language  on input line 520.
 [44]

pdfTeX warning: pdflatex.exe (file ./figures/networkCost_Report_Nodes_Transpare
nt11.pdf): PDF inclusion: found PDF version <1.7>, but at most version <1.5> al
lowed

<./figures/networkCost_Report_Nodes_Transparent11.pdf, id=643, 483.06773pt x 19
0.18452pt>
File: ./figures/networkCost_Report_Nodes_Transparent11.pdf Graphic file (type p
df)
 <use ./figures/networkCost_Report_Nodes_Transparent11.pdf>
Package pdftex.def Info: ./figures/networkCost_Report_Nodes_Transparent11.pdf u
sed on input line 525.
(pdftex.def)             Requested size: 312.9803pt x 123.2209pt.

Underfull \hbox (badness 10000) in paragraph at lines 530--531

 []


Underfull \hbox (badness 10000) in paragraph at lines 532--533

 []



pdfTeX warning: pdflatex.exe (file ./figures/networkCost_Report_Cost_Transparen
t11.pdf): PDF inclusion: found PDF version <1.7>, but at most version <1.5> all
owed

<./figures/networkCost_Report_Cost_Transparent11.pdf, id=645, 270.06195pt x 168
.12311pt>
File: ./figures/networkCost_Report_Cost_Transparent11.pdf Graphic file (type pd
f)
 <use ./figures/networkCost_Report_Cost_Transparent11.pdf>
Package pdftex.def Info: ./figures/networkCost_Report_Cost_Transparent11.pdf us
ed on input line 537.
(pdftex.def)             Requested size: 256.0748pt x 159.43127pt.
Package babel Info: Redefining portuges shorthand "|
(babel)             in language  on input line 547.
Package babel Info: Redefining portuges shorthand "|
(babel)             in language  on input line 547.
 [45 <./figures/networkCost_Report_Nodes_Transparent11.pdf> <./figures/networkC
ost_Report_Cost_Transparent11.pdf>]
Package babel Info: Redefining portuges shorthand "|
(babel)             in language  on input line 550.


pdfTeX warning: pdflatex.exe (file ./figures/Net2Plan_Simulation.pdf): PDF incl
usion: found PDF version <1.7>, but at most version <1.5> allowed
<./figures/Net2Plan_Simulation.pdf, id=660, 680.5425pt x 799.98875pt>
File: ./figures/Net2Plan_Simulation.pdf Graphic file (type pdf)

<use ./figures/Net2Plan_Simulation.pdf>
Package pdftex.def Info: ./figures/Net2Plan_Simulation.pdf used on input line 5
63.
(pdftex.def)             Requested size: 142.26378pt x 167.23357pt.


pdfTeX warning: pdflatex.exe (file ./figures/Net2Plan_Simulation_1.pdf): PDF in
clusion: found PDF version <1.7>, but at most version <1.5> allowed
<./figures/Net2Plan_Simulation_1.pdf, id=661, 691.58376pt x 807.015pt>
File: ./figures/Net2Plan_Simulation_1.pdf Graphic file (type pdf)

<use ./figures/Net2Plan_Simulation_1.pdf>
Package pdftex.def Info: ./figures/Net2Plan_Simulation_1.pdf used on input line
 568.
(pdftex.def)             Requested size: 142.26378pt x 166.00558pt.
Package babel Info: Redefining portuges shorthand "|
(babel)             in language  on input line 576.
Package babel Info: Redefining portuges shorthand "|
(babel)             in language  on input line 576.
 [46 <./figures/Net2Plan_Simulation.pdf> <./figures/Net2Plan_Simulation_1.pdf>]
Package babel Info: Redefining portuges shorthand "|
(babel)             in language  on input line 578.

Underfull \hbox (badness 10000) in paragraph at lines 582--583

 []


Underfull \hbox (badness 1577) in paragraph at lines 584--585
[]\T1/ppl/m/n/10.95 As everything in Net2Plan was built in Java, the pro-gram "
Eclipse"that can be
 []



pdfTeX warning: pdflatex.exe (file ./figures/Eclipse_project.pdf): PDF inclusio
n: found PDF version <1.7>, but at most version <1.5> allowed
<./figures/Eclipse_project.pdf, id=675, 1028.34187pt x 548.80031pt>
File: ./figures/Eclipse_project.pdf Graphic file (type pdf)

<use ./figures/Eclipse_project.pdf>
Package pdftex.def Info: ./figures/Eclipse_project.pdf used on input line 591.
(pdftex.def)             Requested size: 369.88582pt x 197.40047pt.
Package babel Info: Redefining portuges shorthand "|
(babel)             in language  on input line 596.
Package babel Info: Redefining portuges shorthand "|
(babel)             in language  on input line 596.
 [47 <./figures/Eclipse_project.pdf>]

pdfTeX warning: pdflatex.exe (file ./figures/Eclipse_project_1.pdf): PDF inclus
ion: found PDF version <1.7>, but at most version <1.5> allowed
<./figures/Eclipse_project_1.pdf, id=684, 1028.34187pt x 548.80031pt>
File: ./figures/Eclipse_project_1.pdf Graphic file (type pdf)

<use ./figures/Eclipse_project_1.pdf>
Package pdftex.def Info: ./figures/Eclipse_project_1.pdf used on input line 603
.
(pdftex.def)             Requested size: 369.88582pt x 197.40047pt.


pdfTeX warning: pdflatex.exe (file ./figures/Eclipse_libraries.pdf): PDF inclus
ion: found PDF version <1.7>, but at most version <1.5> allowed
<./figures/Eclipse_libraries.pdf, id=687, 544.28343pt x 414.79968pt>
File: ./figures/Eclipse_libraries.pdf Graphic file (type pdf)

<use ./figures/Eclipse_libraries.pdf>
Package pdftex.def Info: ./figures/Eclipse_libraries.pdf used on input line 617
.
(pdftex.def)             Requested size: 204.85974pt x 156.11914pt.


pdfTeX warning: pdflatex.exe (file ./figures/Eclipse_libraries_1.pdf): PDF incl
usion: found PDF version <1.7>, but at most version <1.5> allowed
<./figures/Eclipse_libraries_1.pdf, id=688, 1023.07219pt x 538.26094pt>
File: ./figures/Eclipse_libraries_1.pdf Graphic file (type pdf)

<use ./figures/Eclipse_libraries_1.pdf>
Package pdftex.def Info: ./figures/Eclipse_libraries_1.pdf used on input line 6
22.
(pdftex.def)             Requested size: 233.3125pt x 122.74612pt.


LaTeX Warning: `!h' float specifier changed to `!ht'.

Package babel Info: Redefining portuges shorthand "|
(babel)             in language  on input line 629.
Package babel Info: Redefining portuges shorthand "|
(babel)             in language  on input line 629.
[48 <./figures/Eclipse_project_1.pdf>]

pdfTeX warning: pdflatex.exe (file ./figures/Net2Plan_introduce_algorithm.pdf):
 PDF inclusion: found PDF version <1.7>, but at most version <1.5> allowed

<./figures/Net2Plan_introduce_algorithm.pdf, id=701, 331.99031pt x 209.28188pt>
File: ./figures/Net2Plan_introduce_algorithm.pdf Graphic file (type pdf)
<use ./figures/Net2Plan_introduce_algorithm.pdf>
Package pdftex.def Info: ./figures/Net2Plan_introduce_algorithm.pdf used on inp
ut line 635.
(pdftex.def)             Requested size: 298.75394pt x 188.33914pt.


LaTeX Warning: `!h' float specifier changed to `!ht'.



pdfTeX warning: pdflatex.exe (file ./figures/Eclipse_export.pdf): PDF inclusion
: found PDF version <1.7>, but at most version <1.5> allowed
<./figures/Eclipse_export.pdf, id=705, 384.6872pt x 409.53pt>
File: ./figures/Eclipse_export.pdf Graphic file (type pdf)

<use ./figures/Eclipse_export.pdf>
Package pdftex.def Info: ./figures/Eclipse_export.pdf used on input line 652.
(pdftex.def)             Requested size: 170.71652pt x 181.74348pt.


pdfTeX warning: pdflatex.exe (file ./figures/Eclipse_export_1.pdf): PDF inclusi
on: found PDF version <1.7>, but at most version <1.5> allowed
<./figures/Eclipse_export_1.pdf, id=706, 413.29407pt x 498.36188pt>
File: ./figures/Eclipse_export_1.pdf Graphic file (type pdf)

<use ./figures/Eclipse_export_1.pdf>
Package pdftex.def Info: ./figures/Eclipse_export_1.pdf used on input line 657.

(pdftex.def)             Requested size: 170.71652pt x 205.85817pt.


LaTeX Warning: `!h' float specifier changed to `!ht'.

Package babel Info: Redefining portuges shorthand "|
(babel)             in language  on input line 663.
Package babel Info: Redefining portuges shorthand "|
(babel)             in language  on input line 663.
[49 <./figures/Eclipse_libraries.pdf> <./figures/Eclipse_libraries_1.pdf>]
Package babel Info: Redefining portuges shorthand "|
(babel)             in language  on input line 665.

Underfull \hbox (badness 1072) in paragraph at lines 666--667
\T1/ppl/m/n/10.95 Similarly to the way al-go-rithms can be mo-di-fied or new on
es cre-a-ted, also re-ports
 []


Underfull \hbox (badness 5274) in paragraph at lines 666--667
\T1/ppl/m/n/10.95 can be done using al-most the same steps. For the fol-lowing 
exam-ples, the
 []

Package babel Info: Redefining portuges shorthand "|
(babel)             in language  on input line 670.
Package babel Info: Redefining portuges shorthand "|
(babel)             in language  on input line 670.
[50 <./figures/Net2Plan_introduce_algorithm.pdf> <./figures/Eclipse_export.pdf>
 <./figures/Eclipse_export_1.pdf>]

pdfTeX warning: pdflatex.exe (file ./figures/html_report.pdf): PDF inclusion: f
ound PDF version <1.7>, but at most version <1.5> allowed
<./figures/html_report.pdf, id=731, 1028.34187pt x 549.55313pt>
File: ./figures/html_report.pdf Graphic file (type pdf)

<use ./figures/html_report.pdf>
Package pdftex.def Info: ./figures/html_report.pdf used on input line 676.
(pdftex.def)             Requested size: 483.69684pt x 258.49126pt.

Overfull \hbox (41.04309pt too wide) in paragraph at lines 676--677
 [][] 
 []

Package babel Info: Redefining portuges shorthand "|
(babel)             in language  on input line 683.
Package babel Info: Redefining portuges shorthand "|
(babel)             in language  on input line 683.
[51 <./figures/html_report.pdf>]))
No file main_netplanner.gls.
No file main_netplanner.acr.
Package babel Info: Redefining portuges shorthand "|
(babel)             in language  on input line 60.
Package babel Info: Redefining portuges shorthand "|
(babel)             in language  on input line 60.
[52


]
Package atveryend Info: Empty hook `BeforeClearDocument' on input line 60.
Package atveryend Info: Empty hook `AfterLastShipout' on input line 60.
 (main_netplanner.aux (chapter/introduction.aux)
(chapter/simulator_structure.aux) (chapter/development_cycle.aux)
(chapter/case_studies.aux) (chapter/attachments.aux))
Package atveryend Info: Executing hook `AtVeryEndDocument' on input line 60.
Package atveryend Info: Executing hook `AtEndAfterFileList' on input line 60.
Package rerunfilecheck Info: File `main_netplanner.out' has not changed.
(rerunfilecheck)             Checksum: 59E24D3D765A816B31E6CB0DD9546FCB;2706.
Package atveryend Info: Empty hook `AtVeryVeryEnd' on input line 60.
 ) 
Here is how much of TeX's memory you used:
 25735 strings out of 493323
 467321 string characters out of 3139065
 601284 words of memory out of 3000000
 28434 multiletter control sequences out of 15000+200000
 26285 words of font info for 62 fonts, out of 3000000 for 9000
 1141 hyphenation exceptions out of 8191
 58i,10n,94p,2034b,534s stack positions out of 5000i,500n,10000p,200000b,50000s
{C:/Program Files/MiKTeX 2.9/fonts/enc/dvips/base/8r.enc}<C:/Program Files/Mi
KTeX 2.9/fonts/type1/public/amsfonts/cm/cmex10.pfb><C:/Program Files/MiKTeX 2.9
/fonts/type1/public/amsfonts/cm/cmmi10.pfb><C:/Program Files/MiKTeX 2.9/fonts/t
ype1/public/amsfonts/cm/cmmi8.pfb><C:/Program Files/MiKTeX 2.9/fonts/type1/publ
ic/amsfonts/cm/cmr10.pfb><C:/Program Files/MiKTeX 2.9/fonts/type1/public/amsfon
ts/cm/cmr8.pfb><C:/Program Files/MiKTeX 2.9/fonts/type1/public/amsfonts/cm/cmsy
10.pfb><C:/Program Files/MiKTeX 2.9/fonts/type1/public/amsfonts/cm/cmsy8.pfb><C
:/Program Files/MiKTeX 2.9/fonts/type1/public/eurosym/feybr10.pfb><C:/Program F
iles/MiKTeX 2.9/fonts/type1/public/eurosym/feymr10.pfb><C:/Program Files/MiKTeX
 2.9/fonts/type1/public/amsfonts/symbols/msbm10.pfb><C:/Program Files/MiKTeX 2.
9/fonts/type1/urw/courier/ucrr8a.pfb><C:/Program Files/MiKTeX 2.9/fonts/type1/u
rw/palatino/uplb8a.pfb><C:/Program Files/MiKTeX 2.9/fonts/type1/urw/palatino/up
lr8a.pfb><C:/Program Files/MiKTeX 2.9/fonts/type1/urw/palatino/uplr8a.pfb>
Output written on main_netplanner.pdf (53 pages, 2703142 bytes).
PDF statistics:
 833 PDF objects out of 1000 (max. 8388607)
 203 named destinations out of 1000 (max. 500000)
 494 words of extra memory for PDF output out of 10000 (max. 10000000)

