\BOOKMARK [0][-]{chapter.1}{Introduction}{}% 1
\BOOKMARK [0][-]{chapter.2}{Simulator Structure}{}% 2
\BOOKMARK [1][-]{section.2.1}{System}{chapter.2}% 3
\BOOKMARK [1][-]{section.2.2}{Blocks}{chapter.2}% 4
\BOOKMARK [1][-]{section.2.3}{Signals}{chapter.2}% 5
\BOOKMARK [0][-]{chapter.3}{Development Cycle}{}% 6
\BOOKMARK [0][-]{chapter.4}{Reference Network Specification}{}% 7
\BOOKMARK [1][-]{section.4.1}{Physical Topology}{chapter.4}% 8
\BOOKMARK [1][-]{section.4.2}{Traffic Matrices}{chapter.4}% 9
\BOOKMARK [2][-]{subsection.4.2.1}{Low traffic scenario}{section.4.2}% 10
\BOOKMARK [2][-]{subsection.4.2.2}{Medium traffic scenario}{section.4.2}% 11
\BOOKMARK [2][-]{subsection.4.2.3}{High traffic scenario}{section.4.2}% 12
\BOOKMARK [0][-]{chapter.5}{Integer Linear Programming \(ILP\)}{}% 13
\BOOKMARK [1][-]{section.5.1}{CAPEX}{chapter.5}% 14
\BOOKMARK [2][-]{subsection.5.1.1}{Opaque without Survivability}{section.5.1}% 15
\BOOKMARK [2][-]{subsection.5.1.2}{Opaque with 1+1 Protection}{section.5.1}% 16
\BOOKMARK [2][-]{subsection.5.1.3}{Transparent without Survivability}{section.5.1}% 17
\BOOKMARK [2][-]{subsection.5.1.4}{Transparent with 1+1 Protection}{section.5.1}% 18
\BOOKMARK [2][-]{subsection.5.1.5}{Translucent without Survivability}{section.5.1}% 19
\BOOKMARK [2][-]{subsection.5.1.6}{Translucent with 1+1 Protection}{section.5.1}% 20
\BOOKMARK [0][-]{chapter.6}{Heuristic Models}{}% 21
\BOOKMARK [1][-]{section.6.1}{CAPEX}{chapter.6}% 22
\BOOKMARK [2][-]{subsection.6.1.1}{Opaque without Survivability}{section.6.1}% 23
\BOOKMARK [2][-]{subsection.6.1.2}{Opaque with 1+1 Protection}{section.6.1}% 24
\BOOKMARK [2][-]{subsection.6.1.3}{Transparent without Survivability}{section.6.1}% 25
\BOOKMARK [2][-]{subsection.6.1.4}{Transparent with 1+1 Protection}{section.6.1}% 26
\BOOKMARK [2][-]{subsection.6.1.5}{Translucent without Survivability}{section.6.1}% 27
\BOOKMARK [2][-]{subsection.6.1.6}{Translucent with 1+1 Protection}{section.6.1}% 28
\BOOKMARK [0][-]{chapter.7}{Analytical Models}{}% 29
\BOOKMARK [1][-]{section.7.1}{CAPEX}{chapter.7}% 30
\BOOKMARK [2][-]{subsection.7.1.1}{Opaque without Survivability}{section.7.1}% 31
\BOOKMARK [2][-]{subsection.7.1.2}{Opaque with 1+1 Protection}{section.7.1}% 32
\BOOKMARK [2][-]{subsection.7.1.3}{Transparent without Survivability}{section.7.1}% 33
\BOOKMARK [2][-]{subsection.7.1.4}{Transparent with 1+1 Protection}{section.7.1}% 34
\BOOKMARK [2][-]{subsection.7.1.5}{Translucent without Survivability}{section.7.1}% 35
\BOOKMARK [2][-]{subsection.7.1.6}{Translucent with 1+1 Protection}{section.7.1}% 36
\BOOKMARK [0][-]{chapter.8}{Comparative Analysis}{}% 37
\BOOKMARK [1][-]{subsection.8.0.1}{Opaque without Survivability}{chapter.8}% 38
\BOOKMARK [2][-]{subsection.8.0.2}{Opaque with 1+1 Protection}{subsection.8.0.1}% 39
\BOOKMARK [2][-]{subsection.8.0.3}{Transparent without Survivability}{subsection.8.0.1}% 40
\BOOKMARK [2][-]{subsection.8.0.4}{Transparent with 1+1 Protection}{subsection.8.0.1}% 41
\BOOKMARK [2][-]{subsection.8.0.5}{Translucent without Survivability}{subsection.8.0.1}% 42
\BOOKMARK [2][-]{subsection.8.0.6}{Translucent with 1+1 Protection}{subsection.8.0.1}% 43
\BOOKMARK [0][-]{chapter.9}{Case Studies}{}% 44
\BOOKMARK [1][-]{section.9.1}{Opaque without Survivability - Reference Network}{chapter.9}% 45
\BOOKMARK [2][-]{subsection.9.1.1}{Dimensioning using ILP}{section.9.1}% 46
\BOOKMARK [2][-]{subsection.9.1.2}{Dimensioning using Heuristics}{section.9.1}% 47
\BOOKMARK [2][-]{subsection.9.1.3}{Comparative Analysis}{section.9.1}% 48
\BOOKMARK [1][-]{section.9.2}{Opaque without Survivability - European Optical Network}{chapter.9}% 49
\BOOKMARK [2][-]{subsection.9.2.1}{Physical Network Topology}{section.9.2}% 50
\BOOKMARK [2][-]{subsection.9.2.2}{Dimensioning using Analytical Model}{section.9.2}% 51
\BOOKMARK [2][-]{subsection.9.2.3}{Dimensioning using ILP}{section.9.2}% 52
\BOOKMARK [2][-]{subsection.9.2.4}{Dimensioning using Heuristics}{section.9.2}% 53
\BOOKMARK [2][-]{subsection.9.2.5}{Comparative Analysis}{section.9.2}% 54
\BOOKMARK [1][-]{section.9.3}{Opaque with 1+1 Protection - Reference Network}{chapter.9}% 55
\BOOKMARK [2][-]{subsection.9.3.1}{Physical Network Topology}{section.9.3}% 56
\BOOKMARK [2][-]{subsection.9.3.2}{Dimensioning using ILP}{section.9.3}% 57
\BOOKMARK [2][-]{subsection.9.3.3}{Dimensioning using Heuristics}{section.9.3}% 58
\BOOKMARK [2][-]{subsection.9.3.4}{Comparative Analysis}{section.9.3}% 59
\BOOKMARK [1][-]{section.9.4}{Opaque with 1+1 Protection - European Optical Network}{chapter.9}% 60
\BOOKMARK [2][-]{subsection.9.4.1}{Physical Network Topology}{section.9.4}% 61
\BOOKMARK [2][-]{subsection.9.4.2}{Dimensioning using ILP}{section.9.4}% 62
\BOOKMARK [2][-]{subsection.9.4.3}{Dimensioning using Heuristics}{section.9.4}% 63
\BOOKMARK [2][-]{subsection.9.4.4}{Comparative Analysis}{section.9.4}% 64
\BOOKMARK [1][-]{section.9.5}{Transparent without Survivability - Reference Network}{chapter.9}% 65
\BOOKMARK [2][-]{subsection.9.5.1}{Physical Network Topology}{section.9.5}% 66
\BOOKMARK [2][-]{subsection.9.5.2}{Dimensioning using ILP}{section.9.5}% 67
\BOOKMARK [2][-]{subsection.9.5.3}{Dimensioning using Heuristics}{section.9.5}% 68
\BOOKMARK [2][-]{subsection.9.5.4}{Comparative Analysis}{section.9.5}% 69
\BOOKMARK [1][-]{section.9.6}{Transparent without Survivability - European Optical Network}{chapter.9}% 70
\BOOKMARK [2][-]{subsection.9.6.1}{Physical Network Topology}{section.9.6}% 71
\BOOKMARK [2][-]{subsection.9.6.2}{Dimensioning using ILP}{section.9.6}% 72
\BOOKMARK [2][-]{subsection.9.6.3}{Dimensioning using Heuristics}{section.9.6}% 73
\BOOKMARK [2][-]{subsection.9.6.4}{Comparative Analysis}{section.9.6}% 74
\BOOKMARK [1][-]{section.9.7}{Transparent with 1+1 Protection - Reference Network}{chapter.9}% 75
\BOOKMARK [2][-]{subsection.9.7.1}{Physical Network Topology}{section.9.7}% 76
\BOOKMARK [2][-]{subsection.9.7.2}{Dimensioning using ILP}{section.9.7}% 77
\BOOKMARK [2][-]{subsection.9.7.3}{Dimensioning using Heuristics}{section.9.7}% 78
\BOOKMARK [2][-]{subsection.9.7.4}{Comparative Analysis}{section.9.7}% 79
\BOOKMARK [1][-]{section.9.8}{Transparent with 1+1 Protection - European Optical Network}{chapter.9}% 80
\BOOKMARK [2][-]{subsection.9.8.1}{Physical Network Topology}{section.9.8}% 81
\BOOKMARK [2][-]{subsection.9.8.2}{Dimensioning using ILP}{section.9.8}% 82
\BOOKMARK [2][-]{subsection.9.8.3}{Dimensioning using Heuristics}{section.9.8}% 83
\BOOKMARK [2][-]{subsection.9.8.4}{Comparative Analysis}{section.9.8}% 84
\BOOKMARK [0][-]{chapter.10}{Appendices}{}% 85
\BOOKMARK [1][-]{section.10.1}{Net2Plan Guide}{chapter.10}% 86
\BOOKMARK [1][-]{section.10.2}{Installing LPSOLVE for using in MatLab}{chapter.10}% 87
\BOOKMARK [1][-]{section.10.3}{Opaque with 1+1 protection appendices}{chapter.10}% 88
\BOOKMARK [2][-]{subsection.10.3.1}{Reference Network with Low Traffic}{section.10.3}% 89
\BOOKMARK [2][-]{subsection.10.3.2}{Reference Network with High Traffic}{section.10.3}% 90
\BOOKMARK [2][-]{subsection.10.3.3}{Realistic Network with Low Traffic}{section.10.3}% 91
\BOOKMARK [2][-]{subsection.10.3.4}{Realistic Network with High Traffic}{section.10.3}% 92
\BOOKMARK [1][-]{section.10.4}{Transparent with 1+1 protection appendices}{chapter.10}% 93
\BOOKMARK [2][-]{subsection.10.4.1}{Reference Network with Low Traffic}{section.10.4}% 94
\BOOKMARK [2][-]{subsection.10.4.2}{Reference Network with High Traffic}{section.10.4}% 95
\BOOKMARK [2][-]{subsection.10.4.3}{Realistic Network with Low Traffic}{section.10.4}% 96
\BOOKMARK [2][-]{subsection.10.4.4}{Realistic Network with High Traffic}{section.10.4}% 97
\BOOKMARK [1][-]{section.10.5}{Translucent with 1+1 protection appendices}{chapter.10}% 98
\BOOKMARK [2][-]{subsection.10.5.1}{Reference Network with Low Traffic}{section.10.5}% 99
\BOOKMARK [2][-]{subsection.10.5.2}{Reference Network with High Traffic}{section.10.5}% 100
\BOOKMARK [2][-]{subsection.10.5.3}{Realistic Network with Low Traffic}{section.10.5}% 101
\BOOKMARK [2][-]{subsection.10.5.4}{Realistic Network with High Traffic}{section.10.5}% 102
\BOOKMARK [0][-]{chapter.11}{Master Dissertations}{}% 103
\BOOKMARK [1][-]{section*.89}{Vasco Braz, Dimensioning and Optimization of Node Architecture in Optical Transport Networks, University of Aveiro, 2016}{chapter.11}% 104
