This is pdfTeX, Version 3.14159265-2.6-1.40.18 (MiKTeX 2.9.6350 64-bit) (preloaded format=pdflatex 2017.9.29)  28 NOV 2017 09:12
entering extended mode
**./Net2plan.tex
(Net2plan.tex
LaTeX2e <2017-04-15>
Babel <3.10> and hyphenation patterns for 75 language(s) loaded.
("C:\Program Files\MiKTeX 2.9\tex\latex\base\article.cls"
Document Class: article 2014/09/29 v1.4h Standard LaTeX document class
("C:\Program Files\MiKTeX 2.9\tex\latex\base\size10.clo"
File: size10.clo 2014/09/29 v1.4h Standard LaTeX file (size option)
)
\c@part=\count79
\c@section=\count80
\c@subsection=\count81
\c@subsubsection=\count82
\c@paragraph=\count83
\c@subparagraph=\count84
\c@figure=\count85
\c@table=\count86
\abovecaptionskip=\skip41
\belowcaptionskip=\skip42
\bibindent=\dimen102
)
("C:\Program Files\MiKTeX 2.9\tex\latex\psnfss\mathptmx.sty"
Package: mathptmx 2005/04/12 PSNFSS-v9.2a Times w/ Math, improved (SPQR, WaS) 
LaTeX Font Info:    Redeclaring symbol font `operators' on input line 28.
LaTeX Font Info:    Overwriting symbol font `operators' in version `normal'
(Font)                  OT1/cmr/m/n --> OT1/ztmcm/m/n on input line 28.
LaTeX Font Info:    Overwriting symbol font `operators' in version `bold'
(Font)                  OT1/cmr/bx/n --> OT1/ztmcm/m/n on input line 28.
LaTeX Font Info:    Redeclaring symbol font `letters' on input line 29.
LaTeX Font Info:    Overwriting symbol font `letters' in version `normal'
(Font)                  OML/cmm/m/it --> OML/ztmcm/m/it on input line 29.
LaTeX Font Info:    Overwriting symbol font `letters' in version `bold'
(Font)                  OML/cmm/b/it --> OML/ztmcm/m/it on input line 29.
LaTeX Font Info:    Redeclaring symbol font `symbols' on input line 30.
LaTeX Font Info:    Overwriting symbol font `symbols' in version `normal'
(Font)                  OMS/cmsy/m/n --> OMS/ztmcm/m/n on input line 30.
LaTeX Font Info:    Overwriting symbol font `symbols' in version `bold'
(Font)                  OMS/cmsy/b/n --> OMS/ztmcm/m/n on input line 30.
LaTeX Font Info:    Redeclaring symbol font `largesymbols' on input line 31.
LaTeX Font Info:    Overwriting symbol font `largesymbols' in version `normal'
(Font)                  OMX/cmex/m/n --> OMX/ztmcm/m/n on input line 31.
LaTeX Font Info:    Overwriting symbol font `largesymbols' in version `bold'
(Font)                  OMX/cmex/m/n --> OMX/ztmcm/m/n on input line 31.
\symbold=\mathgroup4
\symitalic=\mathgroup5
LaTeX Font Info:    Redeclaring math alphabet \mathbf on input line 34.
LaTeX Font Info:    Overwriting math alphabet `\mathbf' in version `normal'
(Font)                  OT1/cmr/bx/n --> OT1/ptm/bx/n on input line 34.
LaTeX Font Info:    Overwriting math alphabet `\mathbf' in version `bold'
(Font)                  OT1/cmr/bx/n --> OT1/ptm/bx/n on input line 34.
LaTeX Font Info:    Redeclaring math alphabet \mathit on input line 35.
LaTeX Font Info:    Overwriting math alphabet `\mathit' in version `normal'
(Font)                  OT1/cmr/m/it --> OT1/ptm/m/it on input line 35.
LaTeX Font Info:    Overwriting math alphabet `\mathit' in version `bold'
(Font)                  OT1/cmr/bx/it --> OT1/ptm/m/it on input line 35.
LaTeX Info: Redefining \hbar on input line 50.
)
("C:\Program Files\MiKTeX 2.9\tex\latex\amsmath\amsmath.sty"
Package: amsmath 2016/11/05 v2.16a AMS math features
\@mathmargin=\skip43

For additional information on amsmath, use the `?' option.
("C:\Program Files\MiKTeX 2.9\tex\latex\amsmath\amstext.sty"
Package: amstext 2000/06/29 v2.01 AMS text

("C:\Program Files\MiKTeX 2.9\tex\latex\amsmath\amsgen.sty"
File: amsgen.sty 1999/11/30 v2.0 generic functions
\@emptytoks=\toks14
\ex@=\dimen103
))
("C:\Program Files\MiKTeX 2.9\tex\latex\amsmath\amsbsy.sty"
Package: amsbsy 1999/11/29 v1.2d Bold Symbols
\pmbraise@=\dimen104
)
("C:\Program Files\MiKTeX 2.9\tex\latex\amsmath\amsopn.sty"
Package: amsopn 2016/03/08 v2.02 operator names
)
\inf@bad=\count87
LaTeX Info: Redefining \frac on input line 213.
\uproot@=\count88
\leftroot@=\count89
LaTeX Info: Redefining \overline on input line 375.
\classnum@=\count90
\DOTSCASE@=\count91
LaTeX Info: Redefining \ldots on input line 472.
LaTeX Info: Redefining \dots on input line 475.
LaTeX Info: Redefining \cdots on input line 596.
\Mathstrutbox@=\box26
\strutbox@=\box27
\big@size=\dimen105
LaTeX Font Info:    Redeclaring font encoding OML on input line 712.
LaTeX Font Info:    Redeclaring font encoding OMS on input line 713.
\macc@depth=\count92
\c@MaxMatrixCols=\count93
\dotsspace@=\muskip10
\c@parentequation=\count94
\dspbrk@lvl=\count95
\tag@help=\toks15
\row@=\count96
\column@=\count97
\maxfields@=\count98
\andhelp@=\toks16
\eqnshift@=\dimen106
\alignsep@=\dimen107
\tagshift@=\dimen108
\tagwidth@=\dimen109
\totwidth@=\dimen110
\lineht@=\dimen111
\@envbody=\toks17
\multlinegap=\skip44
\multlinetaggap=\skip45
\mathdisplay@stack=\toks18
LaTeX Info: Redefining \[ on input line 2817.
LaTeX Info: Redefining \] on input line 2818.
) (pdfslide2.sty

LaTeX Warning: You have requested package `pdfslide2',
               but the package provides `pdfslide'.

Package: pdfslide 1999/10/10 v0.50 slides with PDF (CVR)
("C:\Program Files\MiKTeX 2.9\tex\latex\graphics\graphicx.sty"
Package: graphicx 2014/10/28 v1.0g Enhanced LaTeX Graphics (DPC,SPQR)

("C:\Program Files\MiKTeX 2.9\tex\latex\graphics\keyval.sty"
Package: keyval 2014/10/28 v1.15 key=value parser (DPC)
\KV@toks@=\toks19
)
("C:\Program Files\MiKTeX 2.9\tex\latex\graphics\graphics.sty"
Package: graphics 2017/04/14 v1.1b Standard LaTeX Graphics (DPC,SPQR)

("C:\Program Files\MiKTeX 2.9\tex\latex\graphics\trig.sty"
Package: trig 2016/01/03 v1.10 sin cos tan (DPC)
)
("C:\Program Files\MiKTeX 2.9\tex\latex\graphics-cfg\graphics.cfg"
File: graphics.cfg 2016/06/04 v1.11 sample graphics configuration
)
Package graphics Info: Driver file: pdftex.def on input line 99.

("C:\Program Files\MiKTeX 2.9\tex\latex\graphics-def\pdftex.def"
File: pdftex.def 2017/01/12 v0.06k Graphics/color for pdfTeX

("C:\Program Files\MiKTeX 2.9\tex\generic\oberdiek\infwarerr.sty"
Package: infwarerr 2016/05/16 v1.4 Providing info/warning/error messages (HO)
)
("C:\Program Files\MiKTeX 2.9\tex\generic\oberdiek\ltxcmds.sty"
Package: ltxcmds 2016/05/16 v1.23 LaTeX kernel commands for general use (HO)
)
\Gread@gobject=\count99
))
\Gin@req@height=\dimen112
\Gin@req@width=\dimen113
)
(colortbl.sty
Package: colortbl 1999/03/24 v0.1i Color table columns (DPC)
 ("C:\Program Files\MiKTeX 2.9\tex\latex\tools\array.sty"
Package: array 2016/10/06 v2.4d Tabular extension package (FMi)
\col@sep=\dimen114
\extrarowheight=\dimen115
\NC@list=\toks20
\extratabsurround=\skip46
\backup@length=\skip47
)
("C:\Program Files\MiKTeX 2.9\tex\latex\graphics\color.sty"
Package: color 2016/07/10 v1.1e Standard LaTeX Color (DPC)

("C:\Program Files\MiKTeX 2.9\tex\latex\graphics-cfg\color.cfg"
File: color.cfg 2016/01/02 v1.6 sample color configuration
)
Package color Info: Driver file: pdftex.def on input line 147.
)
\everycr=\toks21
\minrowclearance=\skip48
)
("C:\Program Files\MiKTeX 2.9\tex\latex\amsfonts\amssymb.sty"
Package: amssymb 2013/01/14 v3.01 AMS font symbols

("C:\Program Files\MiKTeX 2.9\tex\latex\amsfonts\amsfonts.sty"
Package: amsfonts 2013/01/14 v3.01 Basic AMSFonts support
\symAMSa=\mathgroup6
\symAMSb=\mathgroup7
LaTeX Font Info:    Overwriting math alphabet `\mathfrak' in version `bold'
(Font)                  U/euf/m/n --> U/euf/b/n on input line 106.
))
("C:\Program Files\MiKTeX 2.9\tex\latex\fancybox\fancybox.sty"
Package: fancybox 2010/05/15 1.4

Style option: `fancybox' v1.4 <2010/05/15> (tvz)
\@fancybox=\box28
\shadowsize=\dimen116
\@Sbox=\box29
\do@VerbBox=\toks22
\the@fancyput=\toks23
\this@fancyput=\toks24
\EndVerbatimTokens=\toks25
\Verbatim@Outfile=\write3
\Verbatim@Infile=\read1
) ("C:\Program Files\MiKTeX 2.9\tex\latex\hyperref\hyperref.sty"
Package: hyperref 2017/03/14 v6.85a Hypertext links for LaTeX

("C:\Program Files\MiKTeX 2.9\tex\generic\oberdiek\hobsub-hyperref.sty"
Package: hobsub-hyperref 2016/05/16 v1.14 Bundle oberdiek, subset hyperref (HO)


("C:\Program Files\MiKTeX 2.9\tex\generic\oberdiek\hobsub-generic.sty"
Package: hobsub-generic 2016/05/16 v1.14 Bundle oberdiek, subset generic (HO)
Package: hobsub 2016/05/16 v1.14 Construct package bundles (HO)
Package hobsub Info: Skipping package `infwarerr' (already loaded).
Package hobsub Info: Skipping package `ltxcmds' (already loaded).
Package: ifluatex 2016/05/16 v1.4 Provides the ifluatex switch (HO)
Package ifluatex Info: LuaTeX not detected.
Package: ifvtex 2016/05/16 v1.6 Detect VTeX and its facilities (HO)
Package ifvtex Info: VTeX not detected.
Package: intcalc 2016/05/16 v1.2 Expandable calculations with integers (HO)
Package: ifpdf 2017/03/15 v3.2 Provides the ifpdf switch
Package: etexcmds 2016/05/16 v1.6 Avoid name clashes with e-TeX commands (HO)
Package etexcmds Info: Could not find \expanded.
(etexcmds)             That can mean that you are not using pdfTeX 1.50 or
(etexcmds)             that some package has redefined \expanded.
(etexcmds)             In the latter case, load this package earlier.
Package: kvsetkeys 2016/05/16 v1.17 Key value parser (HO)
Package: kvdefinekeys 2016/05/16 v1.4 Define keys (HO)
Package: pdftexcmds 2017/03/19 v0.25 Utility functions of pdfTeX for LuaTeX (HO
)
Package pdftexcmds Info: LuaTeX not detected.
Package pdftexcmds Info: \pdf@primitive is available.
Package pdftexcmds Info: \pdf@ifprimitive is available.
Package pdftexcmds Info: \pdfdraftmode found.
Package: pdfescape 2016/05/16 v1.14 Implements pdfTeX's escape features (HO)
Package: bigintcalc 2016/05/16 v1.4 Expandable calculations on big integers (HO
)
Package: bitset 2016/05/16 v1.2 Handle bit-vector datatype (HO)
Package: uniquecounter 2016/05/16 v1.3 Provide unlimited unique counter (HO)
)
Package hobsub Info: Skipping package `hobsub' (already loaded).
Package: letltxmacro 2016/05/16 v1.5 Let assignment for LaTeX macros (HO)
Package: hopatch 2016/05/16 v1.3 Wrapper for package hooks (HO)
Package: xcolor-patch 2016/05/16 xcolor patch
Package: atveryend 2016/05/16 v1.9 Hooks at the very end of document (HO)
Package atveryend Info: \enddocument detected (standard20110627).
Package: atbegshi 2016/06/09 v1.18 At begin shipout hook (HO)
Package: refcount 2016/05/16 v3.5 Data extraction from label references (HO)
Package: hycolor 2016/05/16 v1.8 Color options for hyperref/bookmark (HO)
)
("C:\Program Files\MiKTeX 2.9\tex\generic\ifxetex\ifxetex.sty"
Package: ifxetex 2010/09/12 v0.6 Provides ifxetex conditional
)
("C:\Program Files\MiKTeX 2.9\tex\latex\oberdiek\auxhook.sty"
Package: auxhook 2016/05/16 v1.4 Hooks for auxiliary files (HO)
)
("C:\Program Files\MiKTeX 2.9\tex\latex\oberdiek\kvoptions.sty"
Package: kvoptions 2016/05/16 v3.12 Key value format for package options (HO)
)
\@linkdim=\dimen117
\Hy@linkcounter=\count100
\Hy@pagecounter=\count101

("C:\Program Files\MiKTeX 2.9\tex\latex\hyperref\pd1enc.def"
File: pd1enc.def 2017/03/14 v6.85a Hyperref: PDFDocEncoding definition (HO)
)
\Hy@SavedSpaceFactor=\count102

("C:\Program Files\MiKTeX 2.9\tex\latex\00miktex\hyperref.cfg"
File: hyperref.cfg 2002/06/06 v1.2 hyperref configuration of TeXLive
)

Package hyperref Warning: Values of option `pdfpagemode':
(hyperref)                * `UseNone'
(hyperref)                * `UseOutlines'
(hyperref)                * `UseThumbs'
(hyperref)                * `FullScreen'
(hyperref)                * `UseOC' (PDF 1.5)
(hyperref)                * `UseAttachments' (PDF 1.6)
(hyperref)                * An empty value disables the option.
(hyperref)                Unknown value `none' on input line 4374.

Package hyperref Info: Option `colorlinks' set `true' on input line 4374.
Package hyperref Info: Option `pdfmenubar' set `true' on input line 4374.
Package hyperref Info: Option `pdftoolbar' set `false' on input line 4374.
Package hyperref Info: Option `pdffitwindow' set `true' on input line 4374.
Package hyperref Info: Option `pdfcenterwindow' set `true' on input line 4374.
Package hyperref Info: Option `pdfwindowui' set `false' on input line 4374.
Package hyperref Info: Hyper figures OFF on input line 4498.
Package hyperref Info: Link nesting OFF on input line 4503.
Package hyperref Info: Hyper index ON on input line 4506.
Package hyperref Info: Plain pages OFF on input line 4513.
Package hyperref Info: Backreferencing OFF on input line 4518.
Package hyperref Info: Implicit mode ON; LaTeX internals redefined.
Package hyperref Info: Bookmarks ON on input line 4751.
\c@Hy@tempcnt=\count103
("C:\Program Files\MiKTeX 2.9\tex\latex\url\url.sty"
\Urlmuskip=\muskip11
Package: url 2013/09/16  ver 3.4  Verb mode for urls, etc.
)
LaTeX Info: Redefining \url on input line 5104.
\XeTeXLinkMargin=\dimen118
\Fld@menulength=\count104
\Field@Width=\dimen119
\Fld@charsize=\dimen120
Package hyperref Info: Hyper figures OFF on input line 6358.
Package hyperref Info: Link nesting OFF on input line 6363.
Package hyperref Info: Hyper index ON on input line 6366.
Package hyperref Info: backreferencing OFF on input line 6373.
Package hyperref Info: Link coloring ON on input line 6376.
Package hyperref Info: Link coloring with OCG OFF on input line 6383.
Package hyperref Info: PDF/A mode OFF on input line 6388.
LaTeX Info: Redefining \ref on input line 6428.
LaTeX Info: Redefining \pageref on input line 6432.
\Hy@abspage=\count105
\c@Item=\count106
\c@Hfootnote=\count107
)

Package hyperref Message: Driver: hpdftex.

("C:\Program Files\MiKTeX 2.9\tex\latex\hyperref\hpdftex.def"
File: hpdftex.def 2017/03/14 v6.85a Hyperref driver for pdfTeX
\Fld@listcount=\count108
\c@bookmark@seq@number=\count109

("C:\Program Files\MiKTeX 2.9\tex\latex\oberdiek\rerunfilecheck.sty"
Package: rerunfilecheck 2016/05/16 v1.8 Rerun checks for auxiliary files (HO)
Package uniquecounter Info: New unique counter `rerunfilecheck' on input line 2
82.
)
\Hy@SectionHShift=\skip49
)
("C:\Program Files\MiKTeX 2.9\tex\latex\base\ifthen.sty"
Package: ifthen 2014/09/29 v1.1c Standard LaTeX ifthen package (DPC)
)
\@Leftmargin=\dimen121
\@Rightmargin=\dimen122
\@Topmargin=\dimen123
\@Bottommargin=\dimen124

("C:\Program Files\MiKTeX 2.9\tex\latex\pdfslide\slide.clo"

LaTeX Font Warning: Font shape `OT1/cmr/m/n' in size <16> not available
(Font)              size <17.28> substituted on input line 34.

\chapnumfont=\toks26
\chapfont=\toks27
\secfont=\toks28
\ssecfont=\toks29
\sssecfont=\toks30
\parafont=\toks31
)
\textareawidth=\skip50
\textareaheight=\skip51
\headskip=\dimen125
) (pause.sty) ("C:\Program Files\MiKTeX 2.9\tex\latex\eurosym\eurosym.sty"
Package: eurosym 1998/08/06 v1.1 European currency symbol ``Euro''
\@eurobox=\box30
)
("C:\Program Files\MiKTeX 2.9\tex\generic\babel\babel.sty"
Package: babel 2017/05/19 3.10 The Babel package

*************************************
* Local config file bblopts.cfg used
*
("C:\Program Files\MiKTeX 2.9\tex\latex\arabi\bblopts.cfg"
File: bblopts.cfg 2005/09/08 v0.1 add Arabic and Farsi to "declared" options of
 babel
)
("C:\Program Files\MiKTeX 2.9\tex\latex\babel-portuges\portuges.ldf"
Language: portuges 2008/03/18 v1.2q Portuguese support from the babel system

("C:\Program Files\MiKTeX 2.9\tex\generic\babel\babel.def"
File: babel.def 2017/05/19 3.10 Babel common definitions
\babel@savecnt=\count110
\U@D=\dimen126
)
Package babel Info: Making " an active character on input line 145.
)
("C:\Program Files\MiKTeX 2.9\tex\latex\babel-english\english.ldf"
Language: english 2017/01/24 v3.3q English support from the babel system
\l@canadian = a dialect from \language\l@american 
\l@australian = a dialect from \language\l@british 
\l@newzealand = a dialect from \language\l@british 
))
("C:\Program Files\MiKTeX 2.9\tex\latex\kerkis\kerkis.sty"
File: kerkis.sty 2000/02/25 v1.5 Package `kerkis.sty'
  
***********************************************
******** Loading The Kerkis FontFamily ********
********** Department of Mathematics **********
*********** University of the Aegean **********
***********************************************
LaTeX Info: Redefining \LaTeX on input line 156.
LaTeX Info: Redefining \LaTeXe on input line 166.
)
("C:\Program Files\MiKTeX 2.9\tex\latex\caption\caption.sty"
Package: caption 2016/02/21 v3.3-144 Customizing captions (AR)

("C:\Program Files\MiKTeX 2.9\tex\latex\caption\caption3.sty"
Package: caption3 2016/05/22 v1.7-166 caption3 kernel (AR)
Package caption3 Info: TeX engine: e-TeX on input line 67.
\captionmargin=\dimen127
\captionmargin@=\dimen128
\captionwidth=\dimen129
\caption@tempdima=\dimen130
\caption@indent=\dimen131
\caption@parindent=\dimen132
\caption@hangindent=\dimen133
)
\c@ContinuedFloat=\count111
Package caption Info: hyperref package is loaded.
)
("C:\Program Files\MiKTeX 2.9\tex\latex\subfigure\subfigure.sty"
Package: subfigure 2002/07/30 v2.1.4 subfigure package
\subfigtopskip=\skip52
\subfigcapskip=\skip53
\subfigcaptopadj=\dimen134
\subfigbottomskip=\skip54
\subfigcapmargin=\dimen135
\subfiglabelskip=\skip55
\c@subfigure=\count112
\c@lofdepth=\count113
\c@subtable=\count114
\c@lotdepth=\count115

****************************************
* Local config file subfigure.cfg used *
****************************************
("C:\Program Files\MiKTeX 2.9\tex\latex\subfigure\subfigure.cfg")
\subfig@top=\skip56
\subfig@bottom=\skip57
)
("C:\Program Files\MiKTeX 2.9\tex\latex\lastpage\lastpage.sty"
Package: lastpage 2015/03/29 v1.2m Refers to last page's name (HMM; JPG)
)
("C:\Program Files\MiKTeX 2.9\tex\latex\chngcntr\chngcntr.sty"
Package: chngcntr 2009/09/02 v1.0a change counter resetting
)
("C:\Program Files\MiKTeX 2.9\tex\latex\textpos\textpos.sty"
Package: textpos 2016/06/07 v1.8

Package: textpos 2016/06/07 1.8, absolute positioning of text on the page
("C:\Program Files\MiKTeX 2.9\tex\latex\ms\everyshi.sty"
Package: everyshi 2001/05/15 v3.00 EveryShipout Package (MS)
)
\TP@textbox=\box31
\TP@holdbox=\box32
\TPHorizModule=\dimen136
\TPVertModule=\dimen137
\TP@margin=\dimen138
\TP@absmargin=\dimen139

Grid set 16 x 16 = 36.135pt x 26.42374pt
\TPboxrulesize=\dimen140
\TP@ox=\dimen141
\TP@oy=\dimen142
\TP@tbargs=\toks32
\TP@prevdepth=\dimen143
TextBlockOrigin set to 0pt x 0pt
) ("C:\Program Files\MiKTeX 2.9\tex\latex\tabto\tabto.sty"
Package: tabto 2013/03/25  v 1.3  Another tabbing mechanism
\CurrentLineWidth=\dimen144
)
("C:\Program Files\MiKTeX 2.9\tex\latex\animate\animate.sty"
Package: animate 2017/09/29 PDF animations from files and inline graphics

("C:\Program Files\MiKTeX 2.9\tex\latex\xkeyval\xkeyval.sty"
Package: xkeyval 2014/12/03 v2.7a package option processing (HA)

("C:\Program Files\MiKTeX 2.9\tex\generic\xkeyval\xkeyval.tex"
("C:\Program Files\MiKTeX 2.9\tex\generic\xkeyval\xkvutils.tex"
\XKV@toks=\toks33
\XKV@tempa@toks=\toks34
)
\XKV@depth=\count116
File: xkeyval.tex 2014/12/03 v2.7a key=value parser (HA)
))
("C:\Program Files\MiKTeX 2.9\tex\latex\oberdiek\ifdraft.sty"
Package: ifdraft 2016/05/16 v1.4 Detect class options draft and final (HO)
)
("C:\Program Files\MiKTeX 2.9\tex\latex\tools\calc.sty"
Package: calc 2014/10/28 v4.3 Infix arithmetic (KKT,FJ)
\calc@Acount=\count117
\calc@Bcount=\count118
\calc@Adimen=\dimen145
\calc@Bdimen=\dimen146
\calc@Askip=\skip58
\calc@Bskip=\skip59
LaTeX Info: Redefining \setlength on input line 80.
LaTeX Info: Redefining \addtolength on input line 81.
\calc@Ccount=\count119
\calc@Cskip=\skip60
)
("C:\Program Files\MiKTeX 2.9\tex\latex\media9\pdfbase.sty"
("C:\Program Files\MiKTeX 2.9\tex\latex\l3kernel\expl3.sty"
Package: expl3 2017/09/18 L3 programming layer (loader) 

("C:\Program Files\MiKTeX 2.9\tex\latex\l3kernel\expl3-code.tex"
Package: expl3 2017/09/18 L3 programming layer (code)
\c_max_int=\count120
\l_tmpa_int=\count121
\l_tmpb_int=\count122
\g_tmpa_int=\count123
\g_tmpb_int=\count124
\g__intarray_font_int=\count125
\g__prg_map_int=\count126
\c_log_iow=\count127
\l_iow_line_count_int=\count128
\l__iow_line_target_int=\count129
\l__iow_one_indent_int=\count130
\l__iow_indent_int=\count131
\c_zero_dim=\dimen147
\c_max_dim=\dimen148
\l_tmpa_dim=\dimen149
\l_tmpb_dim=\dimen150
\g_tmpa_dim=\dimen151
\g_tmpb_dim=\dimen152
\c_zero_skip=\skip61
\c_max_skip=\skip62
\l_tmpa_skip=\skip63
\l_tmpb_skip=\skip64
\g_tmpa_skip=\skip65
\g_tmpb_skip=\skip66
\c_zero_muskip=\muskip12
\c_max_muskip=\muskip13
\l_tmpa_muskip=\muskip14
\l_tmpb_muskip=\muskip15
\g_tmpa_muskip=\muskip16
\g_tmpb_muskip=\muskip17
\l_keys_choice_int=\count132
\c__fp_leading_shift_int=\count133
\c__fp_middle_shift_int=\count134
\c__fp_trailing_shift_int=\count135
\c__fp_big_leading_shift_int=\count136
\c__fp_big_middle_shift_int=\count137
\c__fp_big_trailing_shift_int=\count138
\c__fp_Bigg_leading_shift_int=\count139
\c__fp_Bigg_middle_shift_int=\count140
\c__fp_Bigg_trailing_shift_int=\count141
\c__fp_rand_size_int=\count142
\c__fp_rand_four_int=\count143
\c__fp_rand_eight_int=\count144
\l__sort_length_int=\count145
\l__sort_min_int=\count146
\l__sort_top_int=\count147
\l__sort_max_int=\count148
\l__sort_true_max_int=\count149
\l__sort_block_int=\count150
\l__sort_begin_int=\count151
\l__sort_end_int=\count152
\l__sort_A_int=\count153
\l__sort_B_int=\count154
\l__sort_C_int=\count155
\l__tl_build_start_index_int=\count156
\l__tl_build_index_int=\count157
\l__tl_analysis_normal_int=\count158
\l__tl_analysis_index_int=\count159
\l__tl_analysis_nesting_int=\count160
\l__tl_analysis_type_int=\count161
\l__regex_internal_a_int=\count162
\l__regex_internal_b_int=\count163
\l__regex_internal_c_int=\count164
\l__regex_balance_int=\count165
\l__regex_group_level_int=\count166
\l__regex_mode_int=\count167
\c__regex_cs_in_class_mode_int=\count168
\c__regex_cs_mode_int=\count169
\l__regex_catcodes_int=\count170
\l__regex_default_catcodes_int=\count171
\c__regex_catcode_D_int=\count172
\c__regex_catcode_S_int=\count173
\c__regex_catcode_L_int=\count174
\c__regex_catcode_O_int=\count175
\c__regex_catcode_A_int=\count176
\c__regex_all_catcodes_int=\count177
\l__regex_show_lines_int=\count178
\l__regex_min_state_int=\count179
\l__regex_max_state_int=\count180
\l__regex_left_state_int=\count181
\l__regex_right_state_int=\count182
\l__regex_capturing_group_int=\count183
\l__regex_min_pos_int=\count184
\l__regex_max_pos_int=\count185
\l__regex_curr_pos_int=\count186
\l__regex_start_pos_int=\count187
\l__regex_success_pos_int=\count188
\l__regex_curr_char_int=\count189
\l__regex_curr_catcode_int=\count190
\l__regex_last_char_int=\count191
\l__regex_case_changed_char_int=\count192
\l__regex_curr_state_int=\count193
\l__regex_step_int=\count194
\l__regex_min_active_int=\count195
\l__regex_max_active_int=\count196
\l__regex_replacement_csnames_int=\count197
\l__regex_match_count_int=\count198
\l__regex_min_submatch_int=\count199
\l__regex_submatch_int=\count266
\l__regex_zeroth_submatch_int=\count267
\g__debug_trace_regex_int=\count268
\c_empty_box=\box33
\l_tmpa_box=\box34
\l_tmpb_box=\box35
\g_tmpa_box=\box36
\g_tmpb_box=\box37
\l__box_top_dim=\dimen153
\l__box_bottom_dim=\dimen154
\l__box_left_dim=\dimen155
\l__box_right_dim=\dimen156
\l__box_top_new_dim=\dimen157
\l__box_bottom_new_dim=\dimen158
\l__box_left_new_dim=\dimen159
\l__box_right_new_dim=\dimen160
\l__box_internal_box=\box38
\l__coffin_internal_box=\box39
\l__coffin_internal_dim=\dimen161
\l__coffin_offset_x_dim=\dimen162
\l__coffin_offset_y_dim=\dimen163
\l__coffin_x_dim=\dimen164
\l__coffin_y_dim=\dimen165
\l__coffin_x_prime_dim=\dimen166
\l__coffin_y_prime_dim=\dimen167
\c_empty_coffin=\box40
\l__coffin_aligned_coffin=\box41
\l__coffin_aligned_internal_coffin=\box42
\l_tmpa_coffin=\box43
\l_tmpb_coffin=\box44
\l__coffin_display_coffin=\box45
\l__coffin_display_coord_coffin=\box46
\l__coffin_display_pole_coffin=\box47
\l__coffin_display_offset_dim=\dimen168
\l__coffin_display_x_dim=\dimen169
\l__coffin_display_y_dim=\dimen170
\l__coffin_bounding_shift_dim=\dimen171
\l__coffin_left_corner_dim=\dimen172
\l__coffin_right_corner_dim=\dimen173
\l__coffin_bottom_corner_dim=\dimen174
\l__coffin_top_corner_dim=\dimen175
\l__coffin_scaled_total_height_dim=\dimen176
\l__coffin_scaled_width_dim=\dimen177
)
("C:\Program Files\MiKTeX 2.9\tex\latex\l3kernel\l3pdfmode.def"
File: l3pdfmode.def 2017/03/18 v L3 Experimental driver: PDF mode
\l__driver_color_stack_int=\count269
\l__driver_tmp_box=\box48
))
("C:\Program Files\MiKTeX 2.9\tex\latex\l3packages\l3keys2e\l3keys2e.sty"
Package: l3keys2e 2017/09/18 LaTeX2e option processing using LaTeX3 keys
)
Package: pdfbase 2017/09/29 v0.18 driver independent access to low-level PDF fe
atures
\g_pbs_page_int=\count270
\g_pbs_oc_int=\count271
)
("C:\Program Files\MiKTeX 2.9\tex\latex\ocgx2\ocgbase.sty"
Package: ocgbase 2017/09/29 v0.12 support package for ocgx2.sty
\g_ocgbase_nd_int=\count272
)
\@anim@box=\box49
\@anim@measbox=\box50
\@anim@tmpdima=\dimen178
\@anim@tmpdimb=\dimen179
\@anim@num=\count273
\@anim@curframe=\count274
\@anim@curframe@zb=\count275
\@anim@resizeflags=\count276
\@anim@skipfram=\count277
\@anim@mulframecnt=\count278
\@anim@@tmlnfile=\read2
\@anim@tmpcnt=\count279
\c@@anim@ltxcnt=\count280
\@anim@curlayer=\count281
\@anim@lineno=\count282
\@anim@curfield=\count283
\@anim@@resizeflags=\count284
)
("C:\Program Files\MiKTeX 2.9\tex\latex\tools\multicol.sty"
Package: multicol 2017/04/11 v1.8q multicolumn formatting (FMi)
\c@tracingmulticols=\count285
\mult@box=\box51
\multicol@leftmargin=\dimen180
\c@unbalance=\count286
\c@collectmore=\count287
\doublecol@number=\count288
\multicoltolerance=\count289
\multicolpretolerance=\count290
\full@width=\dimen181
\page@free=\dimen182
\premulticols=\dimen183
\postmulticols=\dimen184
\multicolsep=\skip67
\multicolbaselineskip=\skip68
\partial@page=\box52
\last@line=\box53
\maxbalancingoverflow=\dimen185
\mult@rightbox=\box54
\mult@grightbox=\box55
\mult@gfirstbox=\box56
\mult@firstbox=\box57
\@tempa=\box58
\@tempa=\box59
\@tempa=\box60
\@tempa=\box61
\@tempa=\box62
\@tempa=\box63
\@tempa=\box64
\@tempa=\box65
\@tempa=\box66
\@tempa=\box67
\@tempa=\box68
\@tempa=\box69
\@tempa=\box70
\@tempa=\box71
\@tempa=\box72
\@tempa=\box73
\@tempa=\box74
\c@columnbadness=\count291
\c@finalcolumnbadness=\count292
\last@try=\dimen186
\multicolovershoot=\dimen187
\multicolundershoot=\dimen188
\mult@nat@firstbox=\box75
\colbreak@box=\box76
\mc@col@check@num=\count293
)
("C:\Program Files\MiKTeX 2.9\tex\latex\tcolorbox\tcolorbox.sty"
Package: tcolorbox 2017/09/14 version 4.11 text color boxes

("C:\Program Files\MiKTeX 2.9\tex\latex\pgf\basiclayer\pgf.sty"
("C:\Program Files\MiKTeX 2.9\tex\latex\pgf\utilities\pgfrcs.sty"
("C:\Program Files\MiKTeX 2.9\tex\generic\pgf\utilities\pgfutil-common.tex"
\pgfutil@everybye=\toks35
\pgfutil@tempdima=\dimen189
\pgfutil@tempdimb=\dimen190

("C:\Program Files\MiKTeX 2.9\tex\generic\pgf\utilities\pgfutil-common-lists.te
x")) ("C:\Program Files\MiKTeX 2.9\tex\generic\pgf\utilities\pgfutil-latex.def"
\pgfutil@abb=\box77
) ("C:\Program Files\MiKTeX 2.9\tex\generic\pgf\utilities\pgfrcs.code.tex"
Package: pgfrcs 2015/08/07 v3.0.1a (rcs-revision 1.31)
))
Package: pgf 2015/08/07 v3.0.1a (rcs-revision 1.15)

("C:\Program Files\MiKTeX 2.9\tex\latex\pgf\basiclayer\pgfcore.sty"
("C:\Program Files\MiKTeX 2.9\tex\latex\pgf\systemlayer\pgfsys.sty"
("C:\Program Files\MiKTeX 2.9\tex\generic\pgf\systemlayer\pgfsys.code.tex"
Package: pgfsys 2014/07/09 v3.0.1a (rcs-revision 1.48)

("C:\Program Files\MiKTeX 2.9\tex\generic\pgf\utilities\pgfkeys.code.tex"
\pgfkeys@pathtoks=\toks36
\pgfkeys@temptoks=\toks37

("C:\Program Files\MiKTeX 2.9\tex\generic\pgf\utilities\pgfkeysfiltered.code.te
x"
\pgfkeys@tmptoks=\toks38
))
\pgf@x=\dimen191
\pgf@y=\dimen192
\pgf@xa=\dimen193
\pgf@ya=\dimen194
\pgf@xb=\dimen195
\pgf@yb=\dimen196
\pgf@xc=\dimen197
\pgf@yc=\dimen198
\w@pgf@writea=\write4
\r@pgf@reada=\read3
\c@pgf@counta=\count294
\c@pgf@countb=\count295
\c@pgf@countc=\count296
\c@pgf@countd=\count297
\t@pgf@toka=\toks39
\t@pgf@tokb=\toks40
\t@pgf@tokc=\toks41
 ("C:\Program Files\MiKTeX 2.9\tex\generic\pgf\systemlayer\pgf.cfg"
File: pgf.cfg 2008/05/14  (rcs-revision 1.7)
)
Driver file for pgf: pgfsys-pdftex.def

("C:\Program Files\MiKTeX 2.9\tex\generic\pgf\systemlayer\pgfsys-pdftex.def"
File: pgfsys-pdftex.def 2014/10/11  (rcs-revision 1.35)

("C:\Program Files\MiKTeX 2.9\tex\generic\pgf\systemlayer\pgfsys-common-pdf.def
"
File: pgfsys-common-pdf.def 2013/10/10  (rcs-revision 1.13)
)))
("C:\Program Files\MiKTeX 2.9\tex\generic\pgf\systemlayer\pgfsyssoftpath.code.t
ex"
File: pgfsyssoftpath.code.tex 2013/09/09  (rcs-revision 1.9)
\pgfsyssoftpath@smallbuffer@items=\count298
\pgfsyssoftpath@bigbuffer@items=\count299
)
("C:\Program Files\MiKTeX 2.9\tex\generic\pgf\systemlayer\pgfsysprotocol.code.t
ex"
File: pgfsysprotocol.code.tex 2006/10/16  (rcs-revision 1.4)
)) ("C:\Program Files\MiKTeX 2.9\tex\latex\xcolor\xcolor.sty"
Package: xcolor 2016/05/11 v2.12 LaTeX color extensions (UK)

("C:\Program Files\MiKTeX 2.9\tex\latex\graphics-cfg\color.cfg"
File: color.cfg 2016/01/02 v1.6 sample color configuration
)
Package xcolor Info: Driver file: pdftex.def on input line 225.
LaTeX Info: Redefining \color on input line 709.
Package xcolor Info: Model `cmy' substituted by `cmy0' on input line 1348.
Package xcolor Info: Model `hsb' substituted by `rgb' on input line 1352.
Package xcolor Info: Model `RGB' extended on input line 1364.
Package xcolor Info: Model `HTML' substituted by `rgb' on input line 1366.
Package xcolor Info: Model `Hsb' substituted by `hsb' on input line 1367.
Package xcolor Info: Model `tHsb' substituted by `hsb' on input line 1368.
Package xcolor Info: Model `HSB' substituted by `hsb' on input line 1369.
Package xcolor Info: Model `Gray' substituted by `gray' on input line 1370.
Package xcolor Info: Model `wave' substituted by `hsb' on input line 1371.
)
("C:\Program Files\MiKTeX 2.9\tex\generic\pgf\basiclayer\pgfcore.code.tex"
Package: pgfcore 2010/04/11 v3.0.1a (rcs-revision 1.7)

("C:\Program Files\MiKTeX 2.9\tex\generic\pgf\math\pgfmath.code.tex"
("C:\Program Files\MiKTeX 2.9\tex\generic\pgf\math\pgfmathcalc.code.tex"
("C:\Program Files\MiKTeX 2.9\tex\generic\pgf\math\pgfmathutil.code.tex")
("C:\Program Files\MiKTeX 2.9\tex\generic\pgf\math\pgfmathparser.code.tex"
\pgfmath@dimen=\dimen199
\pgfmath@count=\count300
\pgfmath@box=\box78
\pgfmath@toks=\toks42
\pgfmath@stack@operand=\toks43
\pgfmath@stack@operation=\toks44
)
("C:\Program Files\MiKTeX 2.9\tex\generic\pgf\math\pgfmathfunctions.code.tex"
("C:\Program Files\MiKTeX 2.9\tex\generic\pgf\math\pgfmathfunctions.basic.code.
tex")
("C:\Program Files\MiKTeX 2.9\tex\generic\pgf\math\pgfmathfunctions.trigonometr
ic.code.tex")
("C:\Program Files\MiKTeX 2.9\tex\generic\pgf\math\pgfmathfunctions.random.code
.tex")
("C:\Program Files\MiKTeX 2.9\tex\generic\pgf\math\pgfmathfunctions.comparison.
code.tex")
("C:\Program Files\MiKTeX 2.9\tex\generic\pgf\math\pgfmathfunctions.base.code.t
ex")
("C:\Program Files\MiKTeX 2.9\tex\generic\pgf\math\pgfmathfunctions.round.code.
tex")
("C:\Program Files\MiKTeX 2.9\tex\generic\pgf\math\pgfmathfunctions.misc.code.t
ex")
("C:\Program Files\MiKTeX 2.9\tex\generic\pgf\math\pgfmathfunctions.integerarit
hmetics.code.tex")))
("C:\Program Files\MiKTeX 2.9\tex\generic\pgf\math\pgfmathfloat.code.tex"
\c@pgfmathroundto@lastzeros=\count301
))
("C:\Program Files\MiKTeX 2.9\tex\generic\pgf\basiclayer\pgfcorepoints.code.tex
"
File: pgfcorepoints.code.tex 2013/10/07  (rcs-revision 1.27)
\pgf@picminx=\dimen256
\pgf@picmaxx=\dimen257
\pgf@picminy=\dimen258
\pgf@picmaxy=\dimen259
\pgf@pathminx=\dimen260
\pgf@pathmaxx=\dimen261
\pgf@pathminy=\dimen262
\pgf@pathmaxy=\dimen263
\pgf@xx=\dimen264
\pgf@xy=\dimen265
\pgf@yx=\dimen266
\pgf@yy=\dimen267
\pgf@zx=\dimen268
\pgf@zy=\dimen269
)
("C:\Program Files\MiKTeX 2.9\tex\generic\pgf\basiclayer\pgfcorepathconstruct.c
ode.tex"
File: pgfcorepathconstruct.code.tex 2013/10/07  (rcs-revision 1.29)
\pgf@path@lastx=\dimen270
\pgf@path@lasty=\dimen271
)
("C:\Program Files\MiKTeX 2.9\tex\generic\pgf\basiclayer\pgfcorepathusage.code.
tex"
File: pgfcorepathusage.code.tex 2014/11/02  (rcs-revision 1.24)
\pgf@shorten@end@additional=\dimen272
\pgf@shorten@start@additional=\dimen273
)
("C:\Program Files\MiKTeX 2.9\tex\generic\pgf\basiclayer\pgfcorescopes.code.tex
"
File: pgfcorescopes.code.tex 2015/05/08  (rcs-revision 1.46)
\pgfpic=\box79
\pgf@hbox=\box80
\pgf@layerbox@main=\box81
\pgf@picture@serial@count=\count302
)
("C:\Program Files\MiKTeX 2.9\tex\generic\pgf\basiclayer\pgfcoregraphicstate.co
de.tex"
File: pgfcoregraphicstate.code.tex 2014/11/02  (rcs-revision 1.12)
\pgflinewidth=\dimen274
)
("C:\Program Files\MiKTeX 2.9\tex\generic\pgf\basiclayer\pgfcoretransformations
.code.tex"
File: pgfcoretransformations.code.tex 2015/08/07  (rcs-revision 1.20)
\pgf@pt@x=\dimen275
\pgf@pt@y=\dimen276
\pgf@pt@temp=\dimen277
)
("C:\Program Files\MiKTeX 2.9\tex\generic\pgf\basiclayer\pgfcorequick.code.tex"
File: pgfcorequick.code.tex 2008/10/09  (rcs-revision 1.3)
)
("C:\Program Files\MiKTeX 2.9\tex\generic\pgf\basiclayer\pgfcoreobjects.code.te
x"
File: pgfcoreobjects.code.tex 2006/10/11  (rcs-revision 1.2)
)
("C:\Program Files\MiKTeX 2.9\tex\generic\pgf\basiclayer\pgfcorepathprocessing.
code.tex"
File: pgfcorepathprocessing.code.tex 2013/09/09  (rcs-revision 1.9)
)
("C:\Program Files\MiKTeX 2.9\tex\generic\pgf\basiclayer\pgfcorearrows.code.tex
"
File: pgfcorearrows.code.tex 2015/05/14  (rcs-revision 1.43)
\pgfarrowsep=\dimen278
)
("C:\Program Files\MiKTeX 2.9\tex\generic\pgf\basiclayer\pgfcoreshade.code.tex"
File: pgfcoreshade.code.tex 2013/07/15  (rcs-revision 1.15)
\pgf@max=\dimen279
\pgf@sys@shading@range@num=\count303
) ("C:\Program Files\MiKTeX 2.9\tex\generic\pgf\basiclayer\pgfcoreimage.code.te
x"
File: pgfcoreimage.code.tex 2013/07/15  (rcs-revision 1.18)

("C:\Program Files\MiKTeX 2.9\tex\generic\pgf\basiclayer\pgfcoreexternal.code.t
ex"
File: pgfcoreexternal.code.tex 2014/07/09  (rcs-revision 1.21)
\pgfexternal@startupbox=\box82
))
("C:\Program Files\MiKTeX 2.9\tex\generic\pgf\basiclayer\pgfcorelayers.code.tex
"
File: pgfcorelayers.code.tex 2013/07/18  (rcs-revision 1.7)
)
("C:\Program Files\MiKTeX 2.9\tex\generic\pgf\basiclayer\pgfcoretransparency.co
de.tex"
File: pgfcoretransparency.code.tex 2013/09/30  (rcs-revision 1.5)
)
("C:\Program Files\MiKTeX 2.9\tex\generic\pgf\basiclayer\pgfcorepatterns.code.t
ex"
File: pgfcorepatterns.code.tex 2013/11/07  (rcs-revision 1.5)
)))
("C:\Program Files\MiKTeX 2.9\tex\generic\pgf\modules\pgfmoduleshapes.code.tex"
File: pgfmoduleshapes.code.tex 2014/03/21  (rcs-revision 1.35)
\pgfnodeparttextbox=\box83
) ("C:\Program Files\MiKTeX 2.9\tex\generic\pgf\modules\pgfmoduleplot.code.tex"
File: pgfmoduleplot.code.tex 2015/08/03  (rcs-revision 1.13)
)
("C:\Program Files\MiKTeX 2.9\tex\latex\pgf\compatibility\pgfcomp-version-0-65.
sty"
Package: pgfcomp-version-0-65 2007/07/03 v3.0.1a (rcs-revision 1.7)
\pgf@nodesepstart=\dimen280
\pgf@nodesepend=\dimen281
)
("C:\Program Files\MiKTeX 2.9\tex\latex\pgf\compatibility\pgfcomp-version-1-18.
sty"
Package: pgfcomp-version-1-18 2007/07/23 v3.0.1a (rcs-revision 1.1)
)) ("C:\Program Files\MiKTeX 2.9\tex\latex\tools\verbatim.sty"
Package: verbatim 2014/10/28 v1.5q LaTeX2e package for verbatim enhancements
\every@verbatim=\toks45
\verbatim@line=\toks46
\verbatim@in@stream=\read4
)
("C:\Program Files\MiKTeX 2.9\tex\latex\environ\environ.sty"
Package: environ 2014/05/04 v0.3 A new way to define environments

("C:\Program Files\MiKTeX 2.9\tex\latex\trimspaces\trimspaces.sty"
Package: trimspaces 2009/09/17 v1.1 Trim spaces around a token list
))
("C:\Program Files\MiKTeX 2.9\tex\latex\etoolbox\etoolbox.sty"
Package: etoolbox 2017/01/02 v2.4 e-TeX tools for LaTeX (JAW)
\etb@tempcnta=\count304
)
\tcb@titlebox=\box84
\tcb@upperbox=\box85
\tcb@lowerbox=\box86
\tcb@phantombox=\box87
\c@tcbbreakpart=\count305
\c@tcblayer=\count306
\tcolorbox@number=\count307
\tcb@temp=\box88
\tcb@temp=\box89
\tcb@temp=\box90
\tcb@temp=\box91
\tcb@out=\write5
\tcb@record@out=\write6
)
("C:\Program Files\MiKTeX 2.9\tex\latex\booktabs\booktabs.sty"
Package: booktabs 2005/04/14 v1.61803 publication quality tables
\heavyrulewidth=\dimen282
\lightrulewidth=\dimen283
\cmidrulewidth=\dimen284
\belowrulesep=\dimen285
\belowbottomsep=\dimen286
\aboverulesep=\dimen287
\abovetopsep=\dimen288
\cmidrulesep=\dimen289
\cmidrulekern=\dimen290
\defaultaddspace=\dimen291
\@cmidla=\count308
\@cmidlb=\count309
\@aboverulesep=\dimen292
\@belowrulesep=\dimen293
\@thisruleclass=\count310
\@lastruleclass=\count311
\@thisrulewidth=\dimen294
)
Package hyperref Info: Option `colorlinks' set `true' on input line 26.


LaTeX Warning: Unused global option(s):
    [5pt].

(Net2plan.aux

LaTeX Warning: Label `' multiply defined.


LaTeX Warning: Label `' multiply defined.


LaTeX Warning: Label `' multiply defined.


LaTeX Warning: Label `' multiply defined.


LaTeX Warning: Label `' multiply defined.


LaTeX Warning: Label `' multiply defined.


LaTeX Warning: Label `' multiply defined.


LaTeX Warning: Label `' multiply defined.


LaTeX Warning: Label `' multiply defined.


LaTeX Warning: Label `' multiply defined.


LaTeX Warning: Label `' multiply defined.


LaTeX Warning: Label `' multiply defined.

)
\openout1 = `Net2plan.aux'.

LaTeX Font Info:    Checking defaults for OML/cmm/m/it on input line 98.
LaTeX Font Info:    ... okay on input line 98.
LaTeX Font Info:    Checking defaults for T1/cmr/m/n on input line 98.
LaTeX Font Info:    ... okay on input line 98.
LaTeX Font Info:    Checking defaults for OT1/cmr/m/n on input line 98.
LaTeX Font Info:    ... okay on input line 98.
LaTeX Font Info:    Checking defaults for OMS/cmsy/m/n on input line 98.
LaTeX Font Info:    ... okay on input line 98.
LaTeX Font Info:    Checking defaults for OMX/cmex/m/n on input line 98.
LaTeX Font Info:    ... okay on input line 98.
LaTeX Font Info:    Checking defaults for U/cmr/m/n on input line 98.
LaTeX Font Info:    ... okay on input line 98.
LaTeX Font Info:    Checking defaults for PD1/pdf/m/n on input line 98.
LaTeX Font Info:    ... okay on input line 98.
LaTeX Font Info:    Try loading font information for OT1+mak on input line 98.
 ("C:\Program Files\MiKTeX 2.9\tex\latex\kerkis\ot1mak.fd")
LaTeX Font Info:    Font shape `OT1/mak/m/n' will be
(Font)              scaled to size 14.3999pt on input line 98.

("C:\Program Files\MiKTeX 2.9\tex\context\base\supp-pdf.mkii"
[Loading MPS to PDF converter (version 2006.09.02).]
\scratchcounter=\count312
\scratchdimen=\dimen295
\scratchbox=\box92
\nofMPsegments=\count313
\nofMParguments=\count314
\everyMPshowfont=\toks47
\MPscratchCnt=\count315
\MPscratchDim=\dimen296
\MPnumerator=\count316
\makeMPintoPDFobject=\count317
\everyMPtoPDFconversion=\toks48
) ("C:\Program Files\MiKTeX 2.9\tex\latex\oberdiek\epstopdf-base.sty"
Package: epstopdf-base 2016/05/15 v2.6 Base part for package epstopdf

("C:\Program Files\MiKTeX 2.9\tex\latex\oberdiek\grfext.sty"
Package: grfext 2016/05/16 v1.2 Manage graphics extensions (HO)
)
Package epstopdf-base Info: Redefining graphics rule for `.eps' on input line 4
38.
Package grfext Info: Graphics extension search list:
(grfext)             [.png,.pdf,.jpg,.mps,.jpeg,.jbig2,.jb2,.PNG,.PDF,.JPG,.JPE
G,.JBIG2,.JB2,.eps]
(grfext)             \AppendGraphicsExtensions on input line 456.
)
\AtBeginShipoutBox=\box93
Package hyperref Info: Link coloring ON on input line 98.

("C:\Program Files\MiKTeX 2.9\tex\latex\hyperref\nameref.sty"
Package: nameref 2016/05/21 v2.44 Cross-referencing by name of section

("C:\Program Files\MiKTeX 2.9\tex\generic\oberdiek\gettitlestring.sty"
Package: gettitlestring 2016/05/16 v1.5 Cleanup title references (HO)
)
\c@section@level=\count318
)
LaTeX Info: Redefining \ref on input line 98.
LaTeX Info: Redefining \pageref on input line 98.
LaTeX Info: Redefining \nameref on input line 98.

(Net2plan.out) (Net2plan.out)
\@outlinefile=\write7
\openout7 = `Net2plan.out'.

Package caption Info: Begin \AtBeginDocument code.
Package caption Info: subfigure package is loaded.
Package caption Info: End \AtBeginDocument code.
Package lastpage Info: Please have a look at the pageslts package at
(lastpage)             https://www.ctan.org/pkg/pageslts
(lastpage)             ! on input line 98.
 ABD: EveryShipout initializing macros
LaTeX Font Info:    Try loading font information for OT1+maksf on input line 10
6.

("C:\Program Files\MiKTeX 2.9\tex\latex\kerkis\ot1maksf.fd")
LaTeX Font Info:    Font shape `OT1/maksf/m/n' will be
(Font)              scaled to size 14.3999pt on input line 106.
LaTeX Font Info:    Font shape `OT1/maksf/m/n' will be
(Font)              scaled to size 11.69992pt on input line 106.

Underfull \hbox (badness 10000) in paragraph at lines 106--109

 []

LaTeX Font Info:    Font shape `OT1/maksf/m/n' will be
(Font)              scaled to size 22.39185pt on input line 112.
LaTeX Font Info:    Font shape `OT1/maksf/bx/n' will be
(Font)              scaled to size 22.39185pt on input line 113.
LaTeX Font Info:    Font shape `OT1/maksf/bx/n' will be
(Font)              scaled to size 11.69992pt on input line 118.
LaTeX Font Info:    Font shape `OT1/maksf/m/n' will be
(Font)              scaled to size 8.99994pt on input line 123.
LaTeX Font Info:    Font shape `OT1/maksf/m/n' will be
(Font)              scaled to size 8.09995pt on input line 131.
LaTeX Font Info:    Font shape `OT1/mak/m/n' will be
(Font)              scaled to size 8.09995pt on input line 133.
<./Figures/it_0.png, id=6, 959.585pt x 726.715pt>
File: ./Figures/it_0.png Graphic file (type png)
 <use ./Figures/it_0.png>
Package pdftex.def Info: ./Figures/it_0.png used on input line 133.
(pdftex.def)             Requested size: 578.17139pt x 422.06052pt.

Overfull \hbox (6.76466pt too wide) has occurred while \output is active
[][][] 
 []

[1

{C:/ProgramData/MiKTeX/2.9/pdftex/config/pdftex.map} <./Figures/it_0.png>]
LaTeX Font Info:    Font shape `OT1/mak/m/n' will be
(Font)              scaled to size 22.39185pt on input line 143.


Package xcolor Warning: Incompatible color definition on input line 143.

LaTeX Font Info:    Try loading font information for OT1+ztmcm on input line 14
3.
("C:\Program Files\MiKTeX 2.9\tex\latex\psnfss\ot1ztmcm.fd"
File: ot1ztmcm.fd 2000/01/03 Fontinst v1.801 font definitions for OT1/ztmcm.
)
LaTeX Font Info:    Try loading font information for OML+ztmcm on input line 14
3.

("C:\Program Files\MiKTeX 2.9\tex\latex\psnfss\omlztmcm.fd"
File: omlztmcm.fd 2000/01/03 Fontinst v1.801 font definitions for OML/ztmcm.
)
LaTeX Font Info:    Try loading font information for OMS+ztmcm on input line 14
3.

("C:\Program Files\MiKTeX 2.9\tex\latex\psnfss\omsztmcm.fd"
File: omsztmcm.fd 2000/01/03 Fontinst v1.801 font definitions for OMS/ztmcm.
)
LaTeX Font Info:    Try loading font information for OMX+ztmcm on input line 14
3.

("C:\Program Files\MiKTeX 2.9\tex\latex\psnfss\omxztmcm.fd"
File: omxztmcm.fd 2000/01/03 Fontinst v1.801 font definitions for OMX/ztmcm.
)
LaTeX Font Info:    Try loading font information for OT1+ptm on input line 143.


("C:\Program Files\MiKTeX 2.9\tex\latex\psnfss\ot1ptm.fd"
File: ot1ptm.fd 2001/06/04 font definitions for OT1/ptm.
)
LaTeX Font Info:    Font shape `OT1/ptm/bx/n' in size <24.88> not available
(Font)              Font shape `OT1/ptm/b/n' tried instead on input line 143.
LaTeX Font Info:    Font shape `OT1/ptm/bx/n' in size <17.28> not available
(Font)              Font shape `OT1/ptm/b/n' tried instead on input line 143.
LaTeX Font Info:    Font shape `OT1/ptm/bx/n' in size <14.4> not available
(Font)              Font shape `OT1/ptm/b/n' tried instead on input line 143.
LaTeX Font Info:    Font shape `OT1/maksf/m/n' will be
(Font)              scaled to size 15.55188pt on input line 143.
LaTeX Font Info:    Calculating math sizes for size <16> on input line 149.
LaTeX Font Info:    Font shape `OT1/ptm/bx/n' in size <16> not available
(Font)              Font shape `OT1/ptm/b/n' tried instead on input line 149.
LaTeX Font Info:    Font shape `OT1/ptm/bx/n' in size <11.84009> not available
(Font)              Font shape `OT1/ptm/b/n' tried instead on input line 149.
LaTeX Font Info:    Font shape `OT1/ptm/bx/n' in size <9.6001> not available
(Font)              Font shape `OT1/ptm/b/n' tried instead on input line 149.
LaTeX Font Info:    Font shape `OT1/maksf/bx/n' will be
(Font)              scaled to size 15.55188pt on input line 149.
LaTeX Font Info:    Try loading font information for OT1+pcr on input line 149.


("C:\Program Files\MiKTeX 2.9\tex\latex\psnfss\ot1pcr.fd"
File: ot1pcr.fd 2001/06/04 font definitions for OT1/pcr.
)
LaTeX Font Info:    Font shape `OT1/pcr/bx/n' in size <17.28> not available
(Font)              Font shape `OT1/pcr/b/n' tried instead on input line 149.
LaTeX Font Info:    Font shape `OT1/ptm/bx/n' in size <12> not available
(Font)              Font shape `OT1/ptm/b/n' tried instead on input line 149.
LaTeX Font Info:    Font shape `OT1/ptm/bx/n' in size <10> not available
(Font)              Font shape `OT1/ptm/b/n' tried instead on input line 149.
LaTeX Font Info:    Font shape `OT1/mak/m/n' will be
(Font)              scaled to size 15.55188pt on input line 160.

<./Figures/it_1.png, id=16, 959.585pt x 726.715pt>
File: ./Figures/it_1.png Graphic file (type png)
 <use ./Figures/it_1.png>
Package pdftex.def Info: ./Figures/it_1.png used on input line 160.
(pdftex.def)             Requested size: 578.17139pt x 422.06052pt.

Overfull \hbox (6.76466pt too wide) has occurred while \output is active
[][][] 
 []

[1

 <./Figures/it_1.png>]

Package xcolor Warning: Incompatible color definition on input line 160.

<./figures/2.png, id=23, 1443.89438pt x 779.91376pt>
File: ./figures/2.png Graphic file (type png)
 <use ./figures/2.png>
Package pdftex.def Info: ./figures/2.png used on input line 164.
(pdftex.def)             Requested size: 424.73338pt x 227.62106pt.
LaTeX Font Info:    Font shape `OT1/mak/m/n' will be
(Font)              scaled to size 11.69992pt on input line 166.
File: ./Figures/it_1.png Graphic file (type png)

<use ./Figures/it_1.png>
Package pdftex.def Info: ./Figures/it_1.png used on input line 173.
(pdftex.def)             Requested size: 578.17139pt x 422.06052pt.

Overfull \hbox (6.76466pt too wide) has occurred while \output is active
[][][] 
 []

[2

 <./figures/2.png>]

Package xcolor Warning: Incompatible color definition on input line 173.

<./figures/4.png, id=31, 1443.89438pt x 782.925pt>
File: ./figures/4.png Graphic file (type png)
 <use ./figures/4.png>
Package pdftex.def Info: ./figures/4.png used on input line 180.
(pdftex.def)             Requested size: 424.73338pt x 227.61586pt.
File: ./Figures/it_1.png Graphic file (type png)

<use ./Figures/it_1.png>
Package pdftex.def Info: ./Figures/it_1.png used on input line 189.
(pdftex.def)             Requested size: 578.17139pt x 422.06052pt.

Overfull \hbox (6.76466pt too wide) has occurred while \output is active
[][][] 
 []

[3

 <./figures/4.png>]

Package xcolor Warning: Incompatible color definition on input line 189.

<./figures/5.png, id=38, 582.67688pt x 499.8675pt>
File: ./figures/5.png Graphic file (type png)
 <use ./figures/5.png>
Package pdftex.def Info: ./figures/5.png used on input line 195.
(pdftex.def)             Requested size: 424.7638pt x 227.62312pt.
File: ./Figures/it_1.png Graphic file (type png)

<use ./Figures/it_1.png>
Package pdftex.def Info: ./Figures/it_1.png used on input line 202.
(pdftex.def)             Requested size: 578.17139pt x 422.06052pt.

Overfull \hbox (6.76466pt too wide) has occurred while \output is active
[][][] 
 []

[4

 <./figures/5.png>]

Package xcolor Warning: Incompatible color definition on input line 202.

<./figures/6.png, id=45, 512.66531pt x 482.55281pt>
File: ./figures/6.png Graphic file (type png)
 <use ./figures/6.png>
Package pdftex.def Info: ./figures/6.png used on input line 211.
(pdftex.def)             Requested size: 212.36882pt x 142.26347pt.
File: ./Figures/it_1.png Graphic file (type png)

<use ./Figures/it_1.png>
Package pdftex.def Info: ./Figures/it_1.png used on input line 218.
(pdftex.def)             Requested size: 578.17139pt x 422.06052pt.

Overfull \hbox (6.76466pt too wide) has occurred while \output is active
[][][] 
 []

[5

 <./figures/6.png>]

Package xcolor Warning: Incompatible color definition on input line 218.

<./figures/7.png, id=52, 867.99281pt x 219.06844pt>
File: ./figures/7.png Graphic file (type png)
 <use ./figures/7.png>
Package pdftex.def Info: ./figures/7.png used on input line 224.
(pdftex.def)             Requested size: 477.84784pt x 170.71892pt.
File: ./Figures/it_1.png Graphic file (type png)

<use ./Figures/it_1.png>
Package pdftex.def Info: ./Figures/it_1.png used on input line 231.
(pdftex.def)             Requested size: 578.17139pt x 422.06052pt.

Overfull \hbox (6.76466pt too wide) has occurred while \output is active
[][][] 
 []

[6

 <./figures/7.png>]

Package xcolor Warning: Incompatible color definition on input line 231.

<./figures/8.png, id=60, 1442.38875pt x 775.39688pt>
File: ./figures/8.png Graphic file (type png)
 <use ./figures/8.png>
Package pdftex.def Info: ./figures/8.png used on input line 237.
(pdftex.def)             Requested size: 424.75269pt x 227.61609pt.
File: ./Figures/it_1.png Graphic file (type png)

<use ./Figures/it_1.png>
Package pdftex.def Info: ./Figures/it_1.png used on input line 244.
(pdftex.def)             Requested size: 578.17139pt x 422.06052pt.

Overfull \hbox (6.76466pt too wide) has occurred while \output is active
[][][] 
 []

[7

 <./figures/8.png>]

Package xcolor Warning: Incompatible color definition on input line 244.

<./figures/9.png, id=67, 766.36313pt x 679.03688pt>
File: ./figures/9.png Graphic file (type png)
 <use ./figures/9.png>
Package pdftex.def Info: ./figures/9.png used on input line 252.
(pdftex.def)             Requested size: 318.56099pt x 170.71204pt.
File: ./Figures/it_1.png Graphic file (type png)

<use ./Figures/it_1.png>
Package pdftex.def Info: ./Figures/it_1.png used on input line 261.
(pdftex.def)             Requested size: 578.17139pt x 422.06052pt.

Overfull \hbox (6.76466pt too wide) has occurred while \output is active
[][][] 
 []

[8

 <./figures/9.png>]

Package xcolor Warning: Incompatible color definition on input line 261.

<./figures/10.png, id=74, 837.88031pt x 781.41937pt>
File: ./figures/10.png Graphic file (type png)
 <use ./figures/10.png>
Package pdftex.def Info: ./figures/10.png used on input line 267.
(pdftex.def)             Requested size: 424.74352pt x 227.61931pt.
File: ./Figures/it_1.png Graphic file (type png)

<use ./Figures/it_1.png>
Package pdftex.def Info: ./Figures/it_1.png used on input line 275.
(pdftex.def)             Requested size: 578.17139pt x 422.06052pt.

Overfull \hbox (6.76466pt too wide) has occurred while \output is active
[][][] 
 []

[9

 <./figures/10.png>]

Package xcolor Warning: Incompatible color definition on input line 275.

<./figures/11.png, id=81, 841.64438pt x 280.79906pt>
File: ./figures/11.png Graphic file (type png)
 <use ./figures/11.png>
Package pdftex.def Info: ./figures/11.png used on input line 288.
(pdftex.def)             Requested size: 371.6603pt x 142.263pt.
File: ./Figures/it_1.png Graphic file (type png)

<use ./Figures/it_1.png>
Package pdftex.def Info: ./Figures/it_1.png used on input line 296.
(pdftex.def)             Requested size: 578.17139pt x 422.06052pt.

Overfull \hbox (6.76466pt too wide) has occurred while \output is active
[][][] 
 []

[10

 <./figures/11.png>]

Package xcolor Warning: Incompatible color definition on input line 296.

<./figures/12.png, id=88, 684.30656pt x 344.78813pt>
File: ./figures/12.png Graphic file (type png)
 <use ./figures/12.png>
Package pdftex.def Info: ./figures/12.png used on input line 302.
(pdftex.def)             Requested size: 371.66058pt x 142.26367pt.
File: ./Figures/it_1.png Graphic file (type png)

<use ./Figures/it_1.png>
Package pdftex.def Info: ./Figures/it_1.png used on input line 311.
(pdftex.def)             Requested size: 578.17139pt x 422.06052pt.

Overfull \hbox (6.76466pt too wide) has occurred while \output is active
[][][] 
 []

[11

 <./figures/12.png>]

Package xcolor Warning: Incompatible color definition on input line 311.

<./figures/13.png, id=95, 679.78969pt x 290.58563pt>
File: ./figures/13.png Graphic file (type png)
 <use ./figures/13.png>
Package pdftex.def Info: ./figures/13.png used on input line 317.
(pdftex.def)             Requested size: 371.65533pt x 142.26405pt.
File: ./Figures/it_1.png Graphic file (type png)

<use ./Figures/it_1.png>
Package pdftex.def Info: ./Figures/it_1.png used on input line 326.
(pdftex.def)             Requested size: 578.17139pt x 422.06052pt.

Overfull \hbox (6.76466pt too wide) has occurred while \output is active
[][][] 
 []

[12

 <./figures/13.png>]

Package xcolor Warning: Incompatible color definition on input line 326.

<./figures/14.png, id=103, 678.28406pt x 326.72063pt>
File: ./figures/14.png Graphic file (type png)
 <use ./figures/14.png>
Package pdftex.def Info: ./figures/14.png used on input line 332.
(pdftex.def)             Requested size: 371.64981pt x 142.2619pt.
File: ./Figures/it_1.png Graphic file (type png)

<use ./Figures/it_1.png>
Package pdftex.def Info: ./Figures/it_1.png used on input line 341.
(pdftex.def)             Requested size: 578.17139pt x 422.06052pt.

Overfull \hbox (6.76466pt too wide) has occurred while \output is active
[][][] 
 []

[13

 <./figures/14.png>]

Package xcolor Warning: Incompatible color definition on input line 341.

<./figures/15.png, id=110, 670.75594pt x 359.84438pt>
File: ./figures/15.png Graphic file (type png)
 <use ./figures/15.png>
Package pdftex.def Info: ./figures/15.png used on input line 347.
(pdftex.def)             Requested size: 424.74826pt x 227.63109pt.
File: ./Figures/it_1.png Graphic file (type png)

<use ./Figures/it_1.png>
Package pdftex.def Info: ./Figures/it_1.png used on input line 356.
(pdftex.def)             Requested size: 578.17139pt x 422.06052pt.

Overfull \hbox (6.76466pt too wide) has occurred while \output is active
[][][] 
 []

[14

 <./figures/15.png>]

Package xcolor Warning: Incompatible color definition on input line 356.

File: ./Figures/it_1.png Graphic file (type png)
<use ./Figures/it_1.png>
Package pdftex.def Info: ./Figures/it_1.png used on input line 361.
(pdftex.def)             Requested size: 578.17139pt x 422.06052pt.

Overfull \hbox (6.76466pt too wide) has occurred while \output is active
[][][] 
 []

[15

] 
AED: lastpage setting LastPage
Package atveryend Info: Empty hook `BeforeClearDocument' on input line 361.
Package atveryend Info: Empty hook `AfterLastShipout' on input line 361.
(Net2plan.aux)
Package atveryend Info: Executing hook `AtVeryEndDocument' on input line 361.
Package atveryend Info: Executing hook `AtEndAfterFileList' on input line 361.
Package rerunfilecheck Info: File `Net2plan.out' has not changed.
(rerunfilecheck)             Checksum: D41D8CD98F00B204E9800998ECF8427E;0.


LaTeX Font Warning: Size substitutions with differences
(Font)              up to 1.28pt have occurred.


LaTeX Warning: There were multiply-defined labels.

Package atveryend Info: Empty hook `AtVeryVeryEnd' on input line 361.
 ) 
Here is how much of TeX's memory you used:
 26804 strings out of 493323
 503394 string characters out of 3139066
 571077 words of memory out of 3000000
 29895 multiletter control sequences out of 15000+200000
 565853 words of font info for 111 fonts, out of 3000000 for 9000
 1141 hyphenation exceptions out of 8191
 54i,12n,77p,10393b,511s stack positions out of 5000i,500n,10000p,200000b,50000s
{C:/Program Files/MiKTeX 2.9/fonts/enc/dvips/base/8r.enc}{C:/Program Files/Mi
KTeX 2.9/fonts/enc/dvips/kerkis/kerkis.enc}<C:/Program Files/MiKTeX 2.9/fonts/t
ype1/public/kerkis/KerkisSans-Bold.pfb><C:/Program Files/MiKTeX 2.9/fonts/type1
/public/kerkis/KerkisSans.pfb><C:/Program Files/MiKTeX 2.9/fonts/type1/public/a
msfonts/cm/cmsy10.pfb><C:/Program Files/MiKTeX 2.9/fonts/type1/urw/courier/ucrb
8a.pfb>
Output written on Net2plan.pdf (16 pages, 699285 bytes).
PDF statistics:
 144 PDF objects out of 1000 (max. 8388607)
 30 named destinations out of 1000 (max. 500000)
 88 words of extra memory for PDF output out of 10000 (max. 10000000)

